[2024-02-27 09:18:03] local.ERROR: SQLSTATE[HY000] [2002] Connection refused (Connection: mysql, SQL: select * from `alumnos`) {"exception":"[object] (Illuminate\\Database\\QueryException(code: 2002): SQLSTATE[HY000] [2002] Connection refused (Connection: mysql, SQL: select * from `alumnos`) at /home/marcos/Desktop/IN2W/Desarrollo_Web_Servidor/api-examen/Examen/vendor/laravel/framework/src/Illuminate/Database/Connection.php:829)
[stacktrace]
#0 /home/marcos/Desktop/IN2W/Desarrollo_Web_Servidor/api-examen/Examen/vendor/laravel/framework/src/Illuminate/Database/Connection.php(983): Illuminate\\Database\\Connection->runQueryCallback()
#1 /home/marcos/Desktop/IN2W/Desarrollo_Web_Servidor/api-examen/Examen/vendor/laravel/framework/src/Illuminate/Database/Connection.php(963): Illuminate\\Database\\Connection->tryAgainIfCausedByLostConnection()
#2 /home/marcos/Desktop/IN2W/Desarrollo_Web_Servidor/api-examen/Examen/vendor/laravel/framework/src/Illuminate/Database/Connection.php(786): Illuminate\\Database\\Connection->handleQueryException()
#3 /home/marcos/Desktop/IN2W/Desarrollo_Web_Servidor/api-examen/Examen/vendor/laravel/framework/src/Illuminate/Database/Connection.php(431): Illuminate\\Database\\Connection->run()
#4 /home/marcos/Desktop/IN2W/Desarrollo_Web_Servidor/api-examen/Examen/vendor/laravel/framework/src/Illuminate/Database/Query/Builder.php(2752): Illuminate\\Database\\Connection->select()
#5 /home/marcos/Desktop/IN2W/Desarrollo_Web_Servidor/api-examen/Examen/vendor/laravel/framework/src/Illuminate/Database/Query/Builder.php(2740): Illuminate\\Database\\Query\\Builder->runSelect()
#6 /home/marcos/Desktop/IN2W/Desarrollo_Web_Servidor/api-examen/Examen/vendor/laravel/framework/src/Illuminate/Database/Query/Builder.php(3294): Illuminate\\Database\\Query\\Builder->Illuminate\\Database\\Query\\{closure}()
#7 /home/marcos/Desktop/IN2W/Desarrollo_Web_Servidor/api-examen/Examen/vendor/laravel/framework/src/Illuminate/Database/Query/Builder.php(2741): Illuminate\\Database\\Query\\Builder->onceWithColumns()
#8 /home/marcos/Desktop/IN2W/Desarrollo_Web_Servidor/api-examen/Examen/vendor/laravel/framework/src/Illuminate/Database/Eloquent/Builder.php(738): Illuminate\\Database\\Query\\Builder->get()
#9 /home/marcos/Desktop/IN2W/Desarrollo_Web_Servidor/api-examen/Examen/vendor/laravel/framework/src/Illuminate/Database/Eloquent/Builder.php(722): Illuminate\\Database\\Eloquent\\Builder->getModels()
#10 /home/marcos/Desktop/IN2W/Desarrollo_Web_Servidor/api-examen/Examen/vendor/laravel/framework/src/Illuminate/Database/Eloquent/Model.php(675): Illuminate\\Database\\Eloquent\\Builder->get()
#11 /home/marcos/Desktop/IN2W/Desarrollo_Web_Servidor/api-examen/Examen/app/Http/Controllers/AlumnoController.php(16): Illuminate\\Database\\Eloquent\\Model::all()
#12 /home/marcos/Desktop/IN2W/Desarrollo_Web_Servidor/api-examen/Examen/vendor/laravel/framework/src/Illuminate/Routing/Controller.php(54): App\\Http\\Controllers\\AlumnoController->index()
#13 /home/marcos/Desktop/IN2W/Desarrollo_Web_Servidor/api-examen/Examen/vendor/laravel/framework/src/Illuminate/Routing/ControllerDispatcher.php(43): Illuminate\\Routing\\Controller->callAction()
#14 /home/marcos/Desktop/IN2W/Desarrollo_Web_Servidor/api-examen/Examen/vendor/laravel/framework/src/Illuminate/Routing/Route.php(260): Illuminate\\Routing\\ControllerDispatcher->dispatch()
#15 /home/marcos/Desktop/IN2W/Desarrollo_Web_Servidor/api-examen/Examen/vendor/laravel/framework/src/Illuminate/Routing/Route.php(205): Illuminate\\Routing\\Route->runController()
#16 /home/marcos/Desktop/IN2W/Desarrollo_Web_Servidor/api-examen/Examen/vendor/laravel/framework/src/Illuminate/Routing/Router.php(806): Illuminate\\Routing\\Route->run()
#17 /home/marcos/Desktop/IN2W/Desarrollo_Web_Servidor/api-examen/Examen/vendor/laravel/framework/src/Illuminate/Pipeline/Pipeline.php(144): Illuminate\\Routing\\Router->Illuminate\\Routing\\{closure}()
#18 /home/marcos/Desktop/IN2W/Desarrollo_Web_Servidor/api-examen/Examen/vendor/laravel/framework/src/Illuminate/Routing/Middleware/SubstituteBindings.php(50): Illuminate\\Pipeline\\Pipeline->Illuminate\\Pipeline\\{closure}()
#19 /home/marcos/Desktop/IN2W/Desarrollo_Web_Servidor/api-examen/Examen/vendor/laravel/framework/src/Illuminate/Pipeline/Pipeline.php(183): Illuminate\\Routing\\Middleware\\SubstituteBindings->handle()
#20 /home/marcos/Desktop/IN2W/Desarrollo_Web_Servidor/api-examen/Examen/vendor/laravel/framework/src/Illuminate/Routing/Middleware/ThrottleRequests.php(159): Illuminate\\Pipeline\\Pipeline->Illuminate\\Pipeline\\{closure}()
#21 /home/marcos/Desktop/IN2W/Desarrollo_Web_Servidor/api-examen/Examen/vendor/laravel/framework/src/Illuminate/Routing/Middleware/ThrottleRequests.php(135): Illuminate\\Routing\\Middleware\\ThrottleRequests->handleRequest()
#22 /home/marcos/Desktop/IN2W/Desarrollo_Web_Servidor/api-examen/Examen/vendor/laravel/framework/src/Illuminate/Routing/Middleware/ThrottleRequests.php(87): Illuminate\\Routing\\Middleware\\ThrottleRequests->handleRequestUsingNamedLimiter()
#23 /home/marcos/Desktop/IN2W/Desarrollo_Web_Servidor/api-examen/Examen/vendor/laravel/framework/src/Illuminate/Pipeline/Pipeline.php(183): Illuminate\\Routing\\Middleware\\ThrottleRequests->handle()
#24 /home/marcos/Desktop/IN2W/Desarrollo_Web_Servidor/api-examen/Examen/vendor/laravel/framework/src/Illuminate/Pipeline/Pipeline.php(119): Illuminate\\Pipeline\\Pipeline->Illuminate\\Pipeline\\{closure}()
#25 /home/marcos/Desktop/IN2W/Desarrollo_Web_Servidor/api-examen/Examen/vendor/laravel/framework/src/Illuminate/Routing/Router.php(807): Illuminate\\Pipeline\\Pipeline->then()
#26 /home/marcos/Desktop/IN2W/Desarrollo_Web_Servidor/api-examen/Examen/vendor/laravel/framework/src/Illuminate/Routing/Router.php(784): Illuminate\\Routing\\Router->runRouteWithinStack()
#27 /home/marcos/Desktop/IN2W/Desarrollo_Web_Servidor/api-examen/Examen/vendor/laravel/framework/src/Illuminate/Routing/Router.php(748): Illuminate\\Routing\\Router->runRoute()
#28 /home/marcos/Desktop/IN2W/Desarrollo_Web_Servidor/api-examen/Examen/vendor/laravel/framework/src/Illuminate/Routing/Router.php(737): Illuminate\\Routing\\Router->dispatchToRoute()
#29 /home/marcos/Desktop/IN2W/Desarrollo_Web_Servidor/api-examen/Examen/vendor/laravel/framework/src/Illuminate/Foundation/Http/Kernel.php(200): Illuminate\\Routing\\Router->dispatch()
#30 /home/marcos/Desktop/IN2W/Desarrollo_Web_Servidor/api-examen/Examen/vendor/laravel/framework/src/Illuminate/Pipeline/Pipeline.php(144): Illuminate\\Foundation\\Http\\Kernel->Illuminate\\Foundation\\Http\\{closure}()
#31 /home/marcos/Desktop/IN2W/Desarrollo_Web_Servidor/api-examen/Examen/vendor/laravel/framework/src/Illuminate/Foundation/Http/Middleware/TransformsRequest.php(21): Illuminate\\Pipeline\\Pipeline->Illuminate\\Pipeline\\{closure}()
#32 /home/marcos/Desktop/IN2W/Desarrollo_Web_Servidor/api-examen/Examen/vendor/laravel/framework/src/Illuminate/Foundation/Http/Middleware/ConvertEmptyStringsToNull.php(31): Illuminate\\Foundation\\Http\\Middleware\\TransformsRequest->handle()
#33 /home/marcos/Desktop/IN2W/Desarrollo_Web_Servidor/api-examen/Examen/vendor/laravel/framework/src/Illuminate/Pipeline/Pipeline.php(183): Illuminate\\Foundation\\Http\\Middleware\\ConvertEmptyStringsToNull->handle()
#34 /home/marcos/Desktop/IN2W/Desarrollo_Web_Servidor/api-examen/Examen/vendor/laravel/framework/src/Illuminate/Foundation/Http/Middleware/TransformsRequest.php(21): Illuminate\\Pipeline\\Pipeline->Illuminate\\Pipeline\\{closure}()
#35 /home/marcos/Desktop/IN2W/Desarrollo_Web_Servidor/api-examen/Examen/vendor/laravel/framework/src/Illuminate/Foundation/Http/Middleware/TrimStrings.php(40): Illuminate\\Foundation\\Http\\Middleware\\TransformsRequest->handle()
#36 /home/marcos/Desktop/IN2W/Desarrollo_Web_Servidor/api-examen/Examen/vendor/laravel/framework/src/Illuminate/Pipeline/Pipeline.php(183): Illuminate\\Foundation\\Http\\Middleware\\TrimStrings->handle()
#37 /home/marcos/Desktop/IN2W/Desarrollo_Web_Servidor/api-examen/Examen/vendor/laravel/framework/src/Illuminate/Foundation/Http/Middleware/ValidatePostSize.php(27): Illuminate\\Pipeline\\Pipeline->Illuminate\\Pipeline\\{closure}()
#38 /home/marcos/Desktop/IN2W/Desarrollo_Web_Servidor/api-examen/Examen/vendor/laravel/framework/src/Illuminate/Pipeline/Pipeline.php(183): Illuminate\\Foundation\\Http\\Middleware\\ValidatePostSize->handle()
#39 /home/marcos/Desktop/IN2W/Desarrollo_Web_Servidor/api-examen/Examen/vendor/laravel/framework/src/Illuminate/Foundation/Http/Middleware/PreventRequestsDuringMaintenance.php(99): Illuminate\\Pipeline\\Pipeline->Illuminate\\Pipeline\\{closure}()
#40 /home/marcos/Desktop/IN2W/Desarrollo_Web_Servidor/api-examen/Examen/vendor/laravel/framework/src/Illuminate/Pipeline/Pipeline.php(183): Illuminate\\Foundation\\Http\\Middleware\\PreventRequestsDuringMaintenance->handle()
#41 /home/marcos/Desktop/IN2W/Desarrollo_Web_Servidor/api-examen/Examen/vendor/laravel/framework/src/Illuminate/Http/Middleware/HandleCors.php(62): Illuminate\\Pipeline\\Pipeline->Illuminate\\Pipeline\\{closure}()
#42 /home/marcos/Desktop/IN2W/Desarrollo_Web_Servidor/api-examen/Examen/vendor/laravel/framework/src/Illuminate/Pipeline/Pipeline.php(183): Illuminate\\Http\\Middleware\\HandleCors->handle()
#43 /home/marcos/Desktop/IN2W/Desarrollo_Web_Servidor/api-examen/Examen/vendor/laravel/framework/src/Illuminate/Http/Middleware/TrustProxies.php(39): Illuminate\\Pipeline\\Pipeline->Illuminate\\Pipeline\\{closure}()
#44 /home/marcos/Desktop/IN2W/Desarrollo_Web_Servidor/api-examen/Examen/vendor/laravel/framework/src/Illuminate/Pipeline/Pipeline.php(183): Illuminate\\Http\\Middleware\\TrustProxies->handle()
#45 /home/marcos/Desktop/IN2W/Desarrollo_Web_Servidor/api-examen/Examen/vendor/laravel/framework/src/Illuminate/Pipeline/Pipeline.php(119): Illuminate\\Pipeline\\Pipeline->Illuminate\\Pipeline\\{closure}()
#46 /home/marcos/Desktop/IN2W/Desarrollo_Web_Servidor/api-examen/Examen/vendor/laravel/framework/src/Illuminate/Foundation/Http/Kernel.php(175): Illuminate\\Pipeline\\Pipeline->then()
#47 /home/marcos/Desktop/IN2W/Desarrollo_Web_Servidor/api-examen/Examen/vendor/laravel/framework/src/Illuminate/Foundation/Http/Kernel.php(144): Illuminate\\Foundation\\Http\\Kernel->sendRequestThroughRouter()
#48 /home/marcos/Desktop/IN2W/Desarrollo_Web_Servidor/api-examen/Examen/public/index.php(52): Illuminate\\Foundation\\Http\\Kernel->handle()
#49 /home/marcos/Desktop/IN2W/Desarrollo_Web_Servidor/api-examen/Examen/vendor/laravel/framework/src/Illuminate/Foundation/resources/server.php(16): require_once('...')
#50 {main}

[previous exception] [object] (PDOException(code: 2002): SQLSTATE[HY000] [2002] Connection refused at /home/marcos/Desktop/IN2W/Desarrollo_Web_Servidor/api-examen/Examen/vendor/laravel/framework/src/Illuminate/Database/Connectors/Connector.php:65)
[stacktrace]
#0 /home/marcos/Desktop/IN2W/Desarrollo_Web_Servidor/api-examen/Examen/vendor/laravel/framework/src/Illuminate/Database/Connectors/Connector.php(65): PDO->__construct()
#1 /home/marcos/Desktop/IN2W/Desarrollo_Web_Servidor/api-examen/Examen/vendor/laravel/framework/src/Illuminate/Database/Connectors/Connector.php(83): Illuminate\\Database\\Connectors\\Connector->createPdoConnection()
#2 /home/marcos/Desktop/IN2W/Desarrollo_Web_Servidor/api-examen/Examen/vendor/laravel/framework/src/Illuminate/Database/Connectors/Connector.php(49): Illuminate\\Database\\Connectors\\Connector->tryAgainIfCausedByLostConnection()
#3 /home/marcos/Desktop/IN2W/Desarrollo_Web_Servidor/api-examen/Examen/vendor/laravel/framework/src/Illuminate/Database/Connectors/MySqlConnector.php(24): Illuminate\\Database\\Connectors\\Connector->createConnection()
#4 /home/marcos/Desktop/IN2W/Desarrollo_Web_Servidor/api-examen/Examen/vendor/laravel/framework/src/Illuminate/Database/Connectors/ConnectionFactory.php(184): Illuminate\\Database\\Connectors\\MySqlConnector->connect()
#5 [internal function]: Illuminate\\Database\\Connectors\\ConnectionFactory->Illuminate\\Database\\Connectors\\{closure}()
#6 /home/marcos/Desktop/IN2W/Desarrollo_Web_Servidor/api-examen/Examen/vendor/laravel/framework/src/Illuminate/Database/Connection.php(1339): call_user_func()
#7 /home/marcos/Desktop/IN2W/Desarrollo_Web_Servidor/api-examen/Examen/vendor/laravel/framework/src/Illuminate/Database/Connection.php(1375): Illuminate\\Database\\Connection->getPdo()
#8 /home/marcos/Desktop/IN2W/Desarrollo_Web_Servidor/api-examen/Examen/vendor/laravel/framework/src/Illuminate/Database/Connection.php(528): Illuminate\\Database\\Connection->getReadPdo()
#9 /home/marcos/Desktop/IN2W/Desarrollo_Web_Servidor/api-examen/Examen/vendor/laravel/framework/src/Illuminate/Database/Connection.php(423): Illuminate\\Database\\Connection->getPdoForSelect()
#10 /home/marcos/Desktop/IN2W/Desarrollo_Web_Servidor/api-examen/Examen/vendor/laravel/framework/src/Illuminate/Database/Connection.php(816): Illuminate\\Database\\Connection->Illuminate\\Database\\{closure}()
#11 /home/marcos/Desktop/IN2W/Desarrollo_Web_Servidor/api-examen/Examen/vendor/laravel/framework/src/Illuminate/Database/Connection.php(983): Illuminate\\Database\\Connection->runQueryCallback()
#12 /home/marcos/Desktop/IN2W/Desarrollo_Web_Servidor/api-examen/Examen/vendor/laravel/framework/src/Illuminate/Database/Connection.php(963): Illuminate\\Database\\Connection->tryAgainIfCausedByLostConnection()
#13 /home/marcos/Desktop/IN2W/Desarrollo_Web_Servidor/api-examen/Examen/vendor/laravel/framework/src/Illuminate/Database/Connection.php(786): Illuminate\\Database\\Connection->handleQueryException()
#14 /home/marcos/Desktop/IN2W/Desarrollo_Web_Servidor/api-examen/Examen/vendor/laravel/framework/src/Illuminate/Database/Connection.php(431): Illuminate\\Database\\Connection->run()
#15 /home/marcos/Desktop/IN2W/Desarrollo_Web_Servidor/api-examen/Examen/vendor/laravel/framework/src/Illuminate/Database/Query/Builder.php(2752): Illuminate\\Database\\Connection->select()
#16 /home/marcos/Desktop/IN2W/Desarrollo_Web_Servidor/api-examen/Examen/vendor/laravel/framework/src/Illuminate/Database/Query/Builder.php(2740): Illuminate\\Database\\Query\\Builder->runSelect()
#17 /home/marcos/Desktop/IN2W/Desarrollo_Web_Servidor/api-examen/Examen/vendor/laravel/framework/src/Illuminate/Database/Query/Builder.php(3294): Illuminate\\Database\\Query\\Builder->Illuminate\\Database\\Query\\{closure}()
#18 /home/marcos/Desktop/IN2W/Desarrollo_Web_Servidor/api-examen/Examen/vendor/laravel/framework/src/Illuminate/Database/Query/Builder.php(2741): Illuminate\\Database\\Query\\Builder->onceWithColumns()
#19 /home/marcos/Desktop/IN2W/Desarrollo_Web_Servidor/api-examen/Examen/vendor/laravel/framework/src/Illuminate/Database/Eloquent/Builder.php(738): Illuminate\\Database\\Query\\Builder->get()
#20 /home/marcos/Desktop/IN2W/Desarrollo_Web_Servidor/api-examen/Examen/vendor/laravel/framework/src/Illuminate/Database/Eloquent/Builder.php(722): Illuminate\\Database\\Eloquent\\Builder->getModels()
#21 /home/marcos/Desktop/IN2W/Desarrollo_Web_Servidor/api-examen/Examen/vendor/laravel/framework/src/Illuminate/Database/Eloquent/Model.php(675): Illuminate\\Database\\Eloquent\\Builder->get()
#22 /home/marcos/Desktop/IN2W/Desarrollo_Web_Servidor/api-examen/Examen/app/Http/Controllers/AlumnoController.php(16): Illuminate\\Database\\Eloquent\\Model::all()
#23 /home/marcos/Desktop/IN2W/Desarrollo_Web_Servidor/api-examen/Examen/vendor/laravel/framework/src/Illuminate/Routing/Controller.php(54): App\\Http\\Controllers\\AlumnoController->index()
#24 /home/marcos/Desktop/IN2W/Desarrollo_Web_Servidor/api-examen/Examen/vendor/laravel/framework/src/Illuminate/Routing/ControllerDispatcher.php(43): Illuminate\\Routing\\Controller->callAction()
#25 /home/marcos/Desktop/IN2W/Desarrollo_Web_Servidor/api-examen/Examen/vendor/laravel/framework/src/Illuminate/Routing/Route.php(260): Illuminate\\Routing\\ControllerDispatcher->dispatch()
#26 /home/marcos/Desktop/IN2W/Desarrollo_Web_Servidor/api-examen/Examen/vendor/laravel/framework/src/Illuminate/Routing/Route.php(205): Illuminate\\Routing\\Route->runController()
#27 /home/marcos/Desktop/IN2W/Desarrollo_Web_Servidor/api-examen/Examen/vendor/laravel/framework/src/Illuminate/Routing/Router.php(806): Illuminate\\Routing\\Route->run()
#28 /home/marcos/Desktop/IN2W/Desarrollo_Web_Servidor/api-examen/Examen/vendor/laravel/framework/src/Illuminate/Pipeline/Pipeline.php(144): Illuminate\\Routing\\Router->Illuminate\\Routing\\{closure}()
#29 /home/marcos/Desktop/IN2W/Desarrollo_Web_Servidor/api-examen/Examen/vendor/laravel/framework/src/Illuminate/Routing/Middleware/SubstituteBindings.php(50): Illuminate\\Pipeline\\Pipeline->Illuminate\\Pipeline\\{closure}()
#30 /home/marcos/Desktop/IN2W/Desarrollo_Web_Servidor/api-examen/Examen/vendor/laravel/framework/src/Illuminate/Pipeline/Pipeline.php(183): Illuminate\\Routing\\Middleware\\SubstituteBindings->handle()
#31 /home/marcos/Desktop/IN2W/Desarrollo_Web_Servidor/api-examen/Examen/vendor/laravel/framework/src/Illuminate/Routing/Middleware/ThrottleRequests.php(159): Illuminate\\Pipeline\\Pipeline->Illuminate\\Pipeline\\{closure}()
#32 /home/marcos/Desktop/IN2W/Desarrollo_Web_Servidor/api-examen/Examen/vendor/laravel/framework/src/Illuminate/Routing/Middleware/ThrottleRequests.php(135): Illuminate\\Routing\\Middleware\\ThrottleRequests->handleRequest()
#33 /home/marcos/Desktop/IN2W/Desarrollo_Web_Servidor/api-examen/Examen/vendor/laravel/framework/src/Illuminate/Routing/Middleware/ThrottleRequests.php(87): Illuminate\\Routing\\Middleware\\ThrottleRequests->handleRequestUsingNamedLimiter()
#34 /home/marcos/Desktop/IN2W/Desarrollo_Web_Servidor/api-examen/Examen/vendor/laravel/framework/src/Illuminate/Pipeline/Pipeline.php(183): Illuminate\\Routing\\Middleware\\ThrottleRequests->handle()
#35 /home/marcos/Desktop/IN2W/Desarrollo_Web_Servidor/api-examen/Examen/vendor/laravel/framework/src/Illuminate/Pipeline/Pipeline.php(119): Illuminate\\Pipeline\\Pipeline->Illuminate\\Pipeline\\{closure}()
#36 /home/marcos/Desktop/IN2W/Desarrollo_Web_Servidor/api-examen/Examen/vendor/laravel/framework/src/Illuminate/Routing/Router.php(807): Illuminate\\Pipeline\\Pipeline->then()
#37 /home/marcos/Desktop/IN2W/Desarrollo_Web_Servidor/api-examen/Examen/vendor/laravel/framework/src/Illuminate/Routing/Router.php(784): Illuminate\\Routing\\Router->runRouteWithinStack()
#38 /home/marcos/Desktop/IN2W/Desarrollo_Web_Servidor/api-examen/Examen/vendor/laravel/framework/src/Illuminate/Routing/Router.php(748): Illuminate\\Routing\\Router->runRoute()
#39 /home/marcos/Desktop/IN2W/Desarrollo_Web_Servidor/api-examen/Examen/vendor/laravel/framework/src/Illuminate/Routing/Router.php(737): Illuminate\\Routing\\Router->dispatchToRoute()
#40 /home/marcos/Desktop/IN2W/Desarrollo_Web_Servidor/api-examen/Examen/vendor/laravel/framework/src/Illuminate/Foundation/Http/Kernel.php(200): Illuminate\\Routing\\Router->dispatch()
#41 /home/marcos/Desktop/IN2W/Desarrollo_Web_Servidor/api-examen/Examen/vendor/laravel/framework/src/Illuminate/Pipeline/Pipeline.php(144): Illuminate\\Foundation\\Http\\Kernel->Illuminate\\Foundation\\Http\\{closure}()
#42 /home/marcos/Desktop/IN2W/Desarrollo_Web_Servidor/api-examen/Examen/vendor/laravel/framework/src/Illuminate/Foundation/Http/Middleware/TransformsRequest.php(21): Illuminate\\Pipeline\\Pipeline->Illuminate\\Pipeline\\{closure}()
#43 /home/marcos/Desktop/IN2W/Desarrollo_Web_Servidor/api-examen/Examen/vendor/laravel/framework/src/Illuminate/Foundation/Http/Middleware/ConvertEmptyStringsToNull.php(31): Illuminate\\Foundation\\Http\\Middleware\\TransformsRequest->handle()
#44 /home/marcos/Desktop/IN2W/Desarrollo_Web_Servidor/api-examen/Examen/vendor/laravel/framework/src/Illuminate/Pipeline/Pipeline.php(183): Illuminate\\Foundation\\Http\\Middleware\\ConvertEmptyStringsToNull->handle()
#45 /home/marcos/Desktop/IN2W/Desarrollo_Web_Servidor/api-examen/Examen/vendor/laravel/framework/src/Illuminate/Foundation/Http/Middleware/TransformsRequest.php(21): Illuminate\\Pipeline\\Pipeline->Illuminate\\Pipeline\\{closure}()
#46 /home/marcos/Desktop/IN2W/Desarrollo_Web_Servidor/api-examen/Examen/vendor/laravel/framework/src/Illuminate/Foundation/Http/Middleware/TrimStrings.php(40): Illuminate\\Foundation\\Http\\Middleware\\TransformsRequest->handle()
#47 /home/marcos/Desktop/IN2W/Desarrollo_Web_Servidor/api-examen/Examen/vendor/laravel/framework/src/Illuminate/Pipeline/Pipeline.php(183): Illuminate\\Foundation\\Http\\Middleware\\TrimStrings->handle()
#48 /home/marcos/Desktop/IN2W/Desarrollo_Web_Servidor/api-examen/Examen/vendor/laravel/framework/src/Illuminate/Foundation/Http/Middleware/ValidatePostSize.php(27): Illuminate\\Pipeline\\Pipeline->Illuminate\\Pipeline\\{closure}()
#49 /home/marcos/Desktop/IN2W/Desarrollo_Web_Servidor/api-examen/Examen/vendor/laravel/framework/src/Illuminate/Pipeline/Pipeline.php(183): Illuminate\\Foundation\\Http\\Middleware\\ValidatePostSize->handle()
#50 /home/marcos/Desktop/IN2W/Desarrollo_Web_Servidor/api-examen/Examen/vendor/laravel/framework/src/Illuminate/Foundation/Http/Middleware/PreventRequestsDuringMaintenance.php(99): Illuminate\\Pipeline\\Pipeline->Illuminate\\Pipeline\\{closure}()
#51 /home/marcos/Desktop/IN2W/Desarrollo_Web_Servidor/api-examen/Examen/vendor/laravel/framework/src/Illuminate/Pipeline/Pipeline.php(183): Illuminate\\Foundation\\Http\\Middleware\\PreventRequestsDuringMaintenance->handle()
#52 /home/marcos/Desktop/IN2W/Desarrollo_Web_Servidor/api-examen/Examen/vendor/laravel/framework/src/Illuminate/Http/Middleware/HandleCors.php(62): Illuminate\\Pipeline\\Pipeline->Illuminate\\Pipeline\\{closure}()
#53 /home/marcos/Desktop/IN2W/Desarrollo_Web_Servidor/api-examen/Examen/vendor/laravel/framework/src/Illuminate/Pipeline/Pipeline.php(183): Illuminate\\Http\\Middleware\\HandleCors->handle()
#54 /home/marcos/Desktop/IN2W/Desarrollo_Web_Servidor/api-examen/Examen/vendor/laravel/framework/src/Illuminate/Http/Middleware/TrustProxies.php(39): Illuminate\\Pipeline\\Pipeline->Illuminate\\Pipeline\\{closure}()
#55 /home/marcos/Desktop/IN2W/Desarrollo_Web_Servidor/api-examen/Examen/vendor/laravel/framework/src/Illuminate/Pipeline/Pipeline.php(183): Illuminate\\Http\\Middleware\\TrustProxies->handle()
#56 /home/marcos/Desktop/IN2W/Desarrollo_Web_Servidor/api-examen/Examen/vendor/laravel/framework/src/Illuminate/Pipeline/Pipeline.php(119): Illuminate\\Pipeline\\Pipeline->Illuminate\\Pipeline\\{closure}()
#57 /home/marcos/Desktop/IN2W/Desarrollo_Web_Servidor/api-examen/Examen/vendor/laravel/framework/src/Illuminate/Foundation/Http/Kernel.php(175): Illuminate\\Pipeline\\Pipeline->then()
#58 /home/marcos/Desktop/IN2W/Desarrollo_Web_Servidor/api-examen/Examen/vendor/laravel/framework/src/Illuminate/Foundation/Http/Kernel.php(144): Illuminate\\Foundation\\Http\\Kernel->sendRequestThroughRouter()
#59 /home/marcos/Desktop/IN2W/Desarrollo_Web_Servidor/api-examen/Examen/public/index.php(52): Illuminate\\Foundation\\Http\\Kernel->handle()
#60 /home/marcos/Desktop/IN2W/Desarrollo_Web_Servidor/api-examen/Examen/vendor/laravel/framework/src/Illuminate/Foundation/resources/server.php(16): require_once('...')
#61 {main}
"} 
[2024-02-27 09:18:04] local.ERROR: SQLSTATE[HY000] [2002] Connection refused (Connection: mysql, SQL: select * from `alumnos`) {"exception":"[object] (Illuminate\\Database\\QueryException(code: 2002): SQLSTATE[HY000] [2002] Connection refused (Connection: mysql, SQL: select * from `alumnos`) at /home/marcos/Desktop/IN2W/Desarrollo_Web_Servidor/api-examen/Examen/vendor/laravel/framework/src/Illuminate/Database/Connection.php:829)
[stacktrace]
#0 /home/marcos/Desktop/IN2W/Desarrollo_Web_Servidor/api-examen/Examen/vendor/laravel/framework/src/Illuminate/Database/Connection.php(983): Illuminate\\Database\\Connection->runQueryCallback()
#1 /home/marcos/Desktop/IN2W/Desarrollo_Web_Servidor/api-examen/Examen/vendor/laravel/framework/src/Illuminate/Database/Connection.php(963): Illuminate\\Database\\Connection->tryAgainIfCausedByLostConnection()
#2 /home/marcos/Desktop/IN2W/Desarrollo_Web_Servidor/api-examen/Examen/vendor/laravel/framework/src/Illuminate/Database/Connection.php(786): Illuminate\\Database\\Connection->handleQueryException()
#3 /home/marcos/Desktop/IN2W/Desarrollo_Web_Servidor/api-examen/Examen/vendor/laravel/framework/src/Illuminate/Database/Connection.php(431): Illuminate\\Database\\Connection->run()
#4 /home/marcos/Desktop/IN2W/Desarrollo_Web_Servidor/api-examen/Examen/vendor/laravel/framework/src/Illuminate/Database/Query/Builder.php(2752): Illuminate\\Database\\Connection->select()
#5 /home/marcos/Desktop/IN2W/Desarrollo_Web_Servidor/api-examen/Examen/vendor/laravel/framework/src/Illuminate/Database/Query/Builder.php(2740): Illuminate\\Database\\Query\\Builder->runSelect()
#6 /home/marcos/Desktop/IN2W/Desarrollo_Web_Servidor/api-examen/Examen/vendor/laravel/framework/src/Illuminate/Database/Query/Builder.php(3294): Illuminate\\Database\\Query\\Builder->Illuminate\\Database\\Query\\{closure}()
#7 /home/marcos/Desktop/IN2W/Desarrollo_Web_Servidor/api-examen/Examen/vendor/laravel/framework/src/Illuminate/Database/Query/Builder.php(2741): Illuminate\\Database\\Query\\Builder->onceWithColumns()
#8 /home/marcos/Desktop/IN2W/Desarrollo_Web_Servidor/api-examen/Examen/vendor/laravel/framework/src/Illuminate/Database/Eloquent/Builder.php(738): Illuminate\\Database\\Query\\Builder->get()
#9 /home/marcos/Desktop/IN2W/Desarrollo_Web_Servidor/api-examen/Examen/vendor/laravel/framework/src/Illuminate/Database/Eloquent/Builder.php(722): Illuminate\\Database\\Eloquent\\Builder->getModels()
#10 /home/marcos/Desktop/IN2W/Desarrollo_Web_Servidor/api-examen/Examen/vendor/laravel/framework/src/Illuminate/Database/Eloquent/Model.php(675): Illuminate\\Database\\Eloquent\\Builder->get()
#11 /home/marcos/Desktop/IN2W/Desarrollo_Web_Servidor/api-examen/Examen/app/Http/Controllers/AlumnoController.php(16): Illuminate\\Database\\Eloquent\\Model::all()
#12 /home/marcos/Desktop/IN2W/Desarrollo_Web_Servidor/api-examen/Examen/vendor/laravel/framework/src/Illuminate/Routing/Controller.php(54): App\\Http\\Controllers\\AlumnoController->index()
#13 /home/marcos/Desktop/IN2W/Desarrollo_Web_Servidor/api-examen/Examen/vendor/laravel/framework/src/Illuminate/Routing/ControllerDispatcher.php(43): Illuminate\\Routing\\Controller->callAction()
#14 /home/marcos/Desktop/IN2W/Desarrollo_Web_Servidor/api-examen/Examen/vendor/laravel/framework/src/Illuminate/Routing/Route.php(260): Illuminate\\Routing\\ControllerDispatcher->dispatch()
#15 /home/marcos/Desktop/IN2W/Desarrollo_Web_Servidor/api-examen/Examen/vendor/laravel/framework/src/Illuminate/Routing/Route.php(205): Illuminate\\Routing\\Route->runController()
#16 /home/marcos/Desktop/IN2W/Desarrollo_Web_Servidor/api-examen/Examen/vendor/laravel/framework/src/Illuminate/Routing/Router.php(806): Illuminate\\Routing\\Route->run()
#17 /home/marcos/Desktop/IN2W/Desarrollo_Web_Servidor/api-examen/Examen/vendor/laravel/framework/src/Illuminate/Pipeline/Pipeline.php(144): Illuminate\\Routing\\Router->Illuminate\\Routing\\{closure}()
#18 /home/marcos/Desktop/IN2W/Desarrollo_Web_Servidor/api-examen/Examen/vendor/laravel/framework/src/Illuminate/Routing/Middleware/SubstituteBindings.php(50): Illuminate\\Pipeline\\Pipeline->Illuminate\\Pipeline\\{closure}()
#19 /home/marcos/Desktop/IN2W/Desarrollo_Web_Servidor/api-examen/Examen/vendor/laravel/framework/src/Illuminate/Pipeline/Pipeline.php(183): Illuminate\\Routing\\Middleware\\SubstituteBindings->handle()
#20 /home/marcos/Desktop/IN2W/Desarrollo_Web_Servidor/api-examen/Examen/vendor/laravel/framework/src/Illuminate/Routing/Middleware/ThrottleRequests.php(159): Illuminate\\Pipeline\\Pipeline->Illuminate\\Pipeline\\{closure}()
#21 /home/marcos/Desktop/IN2W/Desarrollo_Web_Servidor/api-examen/Examen/vendor/laravel/framework/src/Illuminate/Routing/Middleware/ThrottleRequests.php(135): Illuminate\\Routing\\Middleware\\ThrottleRequests->handleRequest()
#22 /home/marcos/Desktop/IN2W/Desarrollo_Web_Servidor/api-examen/Examen/vendor/laravel/framework/src/Illuminate/Routing/Middleware/ThrottleRequests.php(87): Illuminate\\Routing\\Middleware\\ThrottleRequests->handleRequestUsingNamedLimiter()
#23 /home/marcos/Desktop/IN2W/Desarrollo_Web_Servidor/api-examen/Examen/vendor/laravel/framework/src/Illuminate/Pipeline/Pipeline.php(183): Illuminate\\Routing\\Middleware\\ThrottleRequests->handle()
#24 /home/marcos/Desktop/IN2W/Desarrollo_Web_Servidor/api-examen/Examen/vendor/laravel/framework/src/Illuminate/Pipeline/Pipeline.php(119): Illuminate\\Pipeline\\Pipeline->Illuminate\\Pipeline\\{closure}()
#25 /home/marcos/Desktop/IN2W/Desarrollo_Web_Servidor/api-examen/Examen/vendor/laravel/framework/src/Illuminate/Routing/Router.php(807): Illuminate\\Pipeline\\Pipeline->then()
#26 /home/marcos/Desktop/IN2W/Desarrollo_Web_Servidor/api-examen/Examen/vendor/laravel/framework/src/Illuminate/Routing/Router.php(784): Illuminate\\Routing\\Router->runRouteWithinStack()
#27 /home/marcos/Desktop/IN2W/Desarrollo_Web_Servidor/api-examen/Examen/vendor/laravel/framework/src/Illuminate/Routing/Router.php(748): Illuminate\\Routing\\Router->runRoute()
#28 /home/marcos/Desktop/IN2W/Desarrollo_Web_Servidor/api-examen/Examen/vendor/laravel/framework/src/Illuminate/Routing/Router.php(737): Illuminate\\Routing\\Router->dispatchToRoute()
#29 /home/marcos/Desktop/IN2W/Desarrollo_Web_Servidor/api-examen/Examen/vendor/laravel/framework/src/Illuminate/Foundation/Http/Kernel.php(200): Illuminate\\Routing\\Router->dispatch()
#30 /home/marcos/Desktop/IN2W/Desarrollo_Web_Servidor/api-examen/Examen/vendor/laravel/framework/src/Illuminate/Pipeline/Pipeline.php(144): Illuminate\\Foundation\\Http\\Kernel->Illuminate\\Foundation\\Http\\{closure}()
#31 /home/marcos/Desktop/IN2W/Desarrollo_Web_Servidor/api-examen/Examen/vendor/laravel/framework/src/Illuminate/Foundation/Http/Middleware/TransformsRequest.php(21): Illuminate\\Pipeline\\Pipeline->Illuminate\\Pipeline\\{closure}()
#32 /home/marcos/Desktop/IN2W/Desarrollo_Web_Servidor/api-examen/Examen/vendor/laravel/framework/src/Illuminate/Foundation/Http/Middleware/ConvertEmptyStringsToNull.php(31): Illuminate\\Foundation\\Http\\Middleware\\TransformsRequest->handle()
#33 /home/marcos/Desktop/IN2W/Desarrollo_Web_Servidor/api-examen/Examen/vendor/laravel/framework/src/Illuminate/Pipeline/Pipeline.php(183): Illuminate\\Foundation\\Http\\Middleware\\ConvertEmptyStringsToNull->handle()
#34 /home/marcos/Desktop/IN2W/Desarrollo_Web_Servidor/api-examen/Examen/vendor/laravel/framework/src/Illuminate/Foundation/Http/Middleware/TransformsRequest.php(21): Illuminate\\Pipeline\\Pipeline->Illuminate\\Pipeline\\{closure}()
#35 /home/marcos/Desktop/IN2W/Desarrollo_Web_Servidor/api-examen/Examen/vendor/laravel/framework/src/Illuminate/Foundation/Http/Middleware/TrimStrings.php(40): Illuminate\\Foundation\\Http\\Middleware\\TransformsRequest->handle()
#36 /home/marcos/Desktop/IN2W/Desarrollo_Web_Servidor/api-examen/Examen/vendor/laravel/framework/src/Illuminate/Pipeline/Pipeline.php(183): Illuminate\\Foundation\\Http\\Middleware\\TrimStrings->handle()
#37 /home/marcos/Desktop/IN2W/Desarrollo_Web_Servidor/api-examen/Examen/vendor/laravel/framework/src/Illuminate/Foundation/Http/Middleware/ValidatePostSize.php(27): Illuminate\\Pipeline\\Pipeline->Illuminate\\Pipeline\\{closure}()
#38 /home/marcos/Desktop/IN2W/Desarrollo_Web_Servidor/api-examen/Examen/vendor/laravel/framework/src/Illuminate/Pipeline/Pipeline.php(183): Illuminate\\Foundation\\Http\\Middleware\\ValidatePostSize->handle()
#39 /home/marcos/Desktop/IN2W/Desarrollo_Web_Servidor/api-examen/Examen/vendor/laravel/framework/src/Illuminate/Foundation/Http/Middleware/PreventRequestsDuringMaintenance.php(99): Illuminate\\Pipeline\\Pipeline->Illuminate\\Pipeline\\{closure}()
#40 /home/marcos/Desktop/IN2W/Desarrollo_Web_Servidor/api-examen/Examen/vendor/laravel/framework/src/Illuminate/Pipeline/Pipeline.php(183): Illuminate\\Foundation\\Http\\Middleware\\PreventRequestsDuringMaintenance->handle()
#41 /home/marcos/Desktop/IN2W/Desarrollo_Web_Servidor/api-examen/Examen/vendor/laravel/framework/src/Illuminate/Http/Middleware/HandleCors.php(62): Illuminate\\Pipeline\\Pipeline->Illuminate\\Pipeline\\{closure}()
#42 /home/marcos/Desktop/IN2W/Desarrollo_Web_Servidor/api-examen/Examen/vendor/laravel/framework/src/Illuminate/Pipeline/Pipeline.php(183): Illuminate\\Http\\Middleware\\HandleCors->handle()
#43 /home/marcos/Desktop/IN2W/Desarrollo_Web_Servidor/api-examen/Examen/vendor/laravel/framework/src/Illuminate/Http/Middleware/TrustProxies.php(39): Illuminate\\Pipeline\\Pipeline->Illuminate\\Pipeline\\{closure}()
#44 /home/marcos/Desktop/IN2W/Desarrollo_Web_Servidor/api-examen/Examen/vendor/laravel/framework/src/Illuminate/Pipeline/Pipeline.php(183): Illuminate\\Http\\Middleware\\TrustProxies->handle()
#45 /home/marcos/Desktop/IN2W/Desarrollo_Web_Servidor/api-examen/Examen/vendor/laravel/framework/src/Illuminate/Pipeline/Pipeline.php(119): Illuminate\\Pipeline\\Pipeline->Illuminate\\Pipeline\\{closure}()
#46 /home/marcos/Desktop/IN2W/Desarrollo_Web_Servidor/api-examen/Examen/vendor/laravel/framework/src/Illuminate/Foundation/Http/Kernel.php(175): Illuminate\\Pipeline\\Pipeline->then()
#47 /home/marcos/Desktop/IN2W/Desarrollo_Web_Servidor/api-examen/Examen/vendor/laravel/framework/src/Illuminate/Foundation/Http/Kernel.php(144): Illuminate\\Foundation\\Http\\Kernel->sendRequestThroughRouter()
#48 /home/marcos/Desktop/IN2W/Desarrollo_Web_Servidor/api-examen/Examen/public/index.php(52): Illuminate\\Foundation\\Http\\Kernel->handle()
#49 /home/marcos/Desktop/IN2W/Desarrollo_Web_Servidor/api-examen/Examen/vendor/laravel/framework/src/Illuminate/Foundation/resources/server.php(16): require_once('...')
#50 {main}

[previous exception] [object] (PDOException(code: 2002): SQLSTATE[HY000] [2002] Connection refused at /home/marcos/Desktop/IN2W/Desarrollo_Web_Servidor/api-examen/Examen/vendor/laravel/framework/src/Illuminate/Database/Connectors/Connector.php:65)
[stacktrace]
#0 /home/marcos/Desktop/IN2W/Desarrollo_Web_Servidor/api-examen/Examen/vendor/laravel/framework/src/Illuminate/Database/Connectors/Connector.php(65): PDO->__construct()
#1 /home/marcos/Desktop/IN2W/Desarrollo_Web_Servidor/api-examen/Examen/vendor/laravel/framework/src/Illuminate/Database/Connectors/Connector.php(83): Illuminate\\Database\\Connectors\\Connector->createPdoConnection()
#2 /home/marcos/Desktop/IN2W/Desarrollo_Web_Servidor/api-examen/Examen/vendor/laravel/framework/src/Illuminate/Database/Connectors/Connector.php(49): Illuminate\\Database\\Connectors\\Connector->tryAgainIfCausedByLostConnection()
#3 /home/marcos/Desktop/IN2W/Desarrollo_Web_Servidor/api-examen/Examen/vendor/laravel/framework/src/Illuminate/Database/Connectors/MySqlConnector.php(24): Illuminate\\Database\\Connectors\\Connector->createConnection()
#4 /home/marcos/Desktop/IN2W/Desarrollo_Web_Servidor/api-examen/Examen/vendor/laravel/framework/src/Illuminate/Database/Connectors/ConnectionFactory.php(184): Illuminate\\Database\\Connectors\\MySqlConnector->connect()
#5 [internal function]: Illuminate\\Database\\Connectors\\ConnectionFactory->Illuminate\\Database\\Connectors\\{closure}()
#6 /home/marcos/Desktop/IN2W/Desarrollo_Web_Servidor/api-examen/Examen/vendor/laravel/framework/src/Illuminate/Database/Connection.php(1339): call_user_func()
#7 /home/marcos/Desktop/IN2W/Desarrollo_Web_Servidor/api-examen/Examen/vendor/laravel/framework/src/Illuminate/Database/Connection.php(1375): Illuminate\\Database\\Connection->getPdo()
#8 /home/marcos/Desktop/IN2W/Desarrollo_Web_Servidor/api-examen/Examen/vendor/laravel/framework/src/Illuminate/Database/Connection.php(528): Illuminate\\Database\\Connection->getReadPdo()
#9 /home/marcos/Desktop/IN2W/Desarrollo_Web_Servidor/api-examen/Examen/vendor/laravel/framework/src/Illuminate/Database/Connection.php(423): Illuminate\\Database\\Connection->getPdoForSelect()
#10 /home/marcos/Desktop/IN2W/Desarrollo_Web_Servidor/api-examen/Examen/vendor/laravel/framework/src/Illuminate/Database/Connection.php(816): Illuminate\\Database\\Connection->Illuminate\\Database\\{closure}()
#11 /home/marcos/Desktop/IN2W/Desarrollo_Web_Servidor/api-examen/Examen/vendor/laravel/framework/src/Illuminate/Database/Connection.php(983): Illuminate\\Database\\Connection->runQueryCallback()
#12 /home/marcos/Desktop/IN2W/Desarrollo_Web_Servidor/api-examen/Examen/vendor/laravel/framework/src/Illuminate/Database/Connection.php(963): Illuminate\\Database\\Connection->tryAgainIfCausedByLostConnection()
#13 /home/marcos/Desktop/IN2W/Desarrollo_Web_Servidor/api-examen/Examen/vendor/laravel/framework/src/Illuminate/Database/Connection.php(786): Illuminate\\Database\\Connection->handleQueryException()
#14 /home/marcos/Desktop/IN2W/Desarrollo_Web_Servidor/api-examen/Examen/vendor/laravel/framework/src/Illuminate/Database/Connection.php(431): Illuminate\\Database\\Connection->run()
#15 /home/marcos/Desktop/IN2W/Desarrollo_Web_Servidor/api-examen/Examen/vendor/laravel/framework/src/Illuminate/Database/Query/Builder.php(2752): Illuminate\\Database\\Connection->select()
#16 /home/marcos/Desktop/IN2W/Desarrollo_Web_Servidor/api-examen/Examen/vendor/laravel/framework/src/Illuminate/Database/Query/Builder.php(2740): Illuminate\\Database\\Query\\Builder->runSelect()
#17 /home/marcos/Desktop/IN2W/Desarrollo_Web_Servidor/api-examen/Examen/vendor/laravel/framework/src/Illuminate/Database/Query/Builder.php(3294): Illuminate\\Database\\Query\\Builder->Illuminate\\Database\\Query\\{closure}()
#18 /home/marcos/Desktop/IN2W/Desarrollo_Web_Servidor/api-examen/Examen/vendor/laravel/framework/src/Illuminate/Database/Query/Builder.php(2741): Illuminate\\Database\\Query\\Builder->onceWithColumns()
#19 /home/marcos/Desktop/IN2W/Desarrollo_Web_Servidor/api-examen/Examen/vendor/laravel/framework/src/Illuminate/Database/Eloquent/Builder.php(738): Illuminate\\Database\\Query\\Builder->get()
#20 /home/marcos/Desktop/IN2W/Desarrollo_Web_Servidor/api-examen/Examen/vendor/laravel/framework/src/Illuminate/Database/Eloquent/Builder.php(722): Illuminate\\Database\\Eloquent\\Builder->getModels()
#21 /home/marcos/Desktop/IN2W/Desarrollo_Web_Servidor/api-examen/Examen/vendor/laravel/framework/src/Illuminate/Database/Eloquent/Model.php(675): Illuminate\\Database\\Eloquent\\Builder->get()
#22 /home/marcos/Desktop/IN2W/Desarrollo_Web_Servidor/api-examen/Examen/app/Http/Controllers/AlumnoController.php(16): Illuminate\\Database\\Eloquent\\Model::all()
#23 /home/marcos/Desktop/IN2W/Desarrollo_Web_Servidor/api-examen/Examen/vendor/laravel/framework/src/Illuminate/Routing/Controller.php(54): App\\Http\\Controllers\\AlumnoController->index()
#24 /home/marcos/Desktop/IN2W/Desarrollo_Web_Servidor/api-examen/Examen/vendor/laravel/framework/src/Illuminate/Routing/ControllerDispatcher.php(43): Illuminate\\Routing\\Controller->callAction()
#25 /home/marcos/Desktop/IN2W/Desarrollo_Web_Servidor/api-examen/Examen/vendor/laravel/framework/src/Illuminate/Routing/Route.php(260): Illuminate\\Routing\\ControllerDispatcher->dispatch()
#26 /home/marcos/Desktop/IN2W/Desarrollo_Web_Servidor/api-examen/Examen/vendor/laravel/framework/src/Illuminate/Routing/Route.php(205): Illuminate\\Routing\\Route->runController()
#27 /home/marcos/Desktop/IN2W/Desarrollo_Web_Servidor/api-examen/Examen/vendor/laravel/framework/src/Illuminate/Routing/Router.php(806): Illuminate\\Routing\\Route->run()
#28 /home/marcos/Desktop/IN2W/Desarrollo_Web_Servidor/api-examen/Examen/vendor/laravel/framework/src/Illuminate/Pipeline/Pipeline.php(144): Illuminate\\Routing\\Router->Illuminate\\Routing\\{closure}()
#29 /home/marcos/Desktop/IN2W/Desarrollo_Web_Servidor/api-examen/Examen/vendor/laravel/framework/src/Illuminate/Routing/Middleware/SubstituteBindings.php(50): Illuminate\\Pipeline\\Pipeline->Illuminate\\Pipeline\\{closure}()
#30 /home/marcos/Desktop/IN2W/Desarrollo_Web_Servidor/api-examen/Examen/vendor/laravel/framework/src/Illuminate/Pipeline/Pipeline.php(183): Illuminate\\Routing\\Middleware\\SubstituteBindings->handle()
#31 /home/marcos/Desktop/IN2W/Desarrollo_Web_Servidor/api-examen/Examen/vendor/laravel/framework/src/Illuminate/Routing/Middleware/ThrottleRequests.php(159): Illuminate\\Pipeline\\Pipeline->Illuminate\\Pipeline\\{closure}()
#32 /home/marcos/Desktop/IN2W/Desarrollo_Web_Servidor/api-examen/Examen/vendor/laravel/framework/src/Illuminate/Routing/Middleware/ThrottleRequests.php(135): Illuminate\\Routing\\Middleware\\ThrottleRequests->handleRequest()
#33 /home/marcos/Desktop/IN2W/Desarrollo_Web_Servidor/api-examen/Examen/vendor/laravel/framework/src/Illuminate/Routing/Middleware/ThrottleRequests.php(87): Illuminate\\Routing\\Middleware\\ThrottleRequests->handleRequestUsingNamedLimiter()
#34 /home/marcos/Desktop/IN2W/Desarrollo_Web_Servidor/api-examen/Examen/vendor/laravel/framework/src/Illuminate/Pipeline/Pipeline.php(183): Illuminate\\Routing\\Middleware\\ThrottleRequests->handle()
#35 /home/marcos/Desktop/IN2W/Desarrollo_Web_Servidor/api-examen/Examen/vendor/laravel/framework/src/Illuminate/Pipeline/Pipeline.php(119): Illuminate\\Pipeline\\Pipeline->Illuminate\\Pipeline\\{closure}()
#36 /home/marcos/Desktop/IN2W/Desarrollo_Web_Servidor/api-examen/Examen/vendor/laravel/framework/src/Illuminate/Routing/Router.php(807): Illuminate\\Pipeline\\Pipeline->then()
#37 /home/marcos/Desktop/IN2W/Desarrollo_Web_Servidor/api-examen/Examen/vendor/laravel/framework/src/Illuminate/Routing/Router.php(784): Illuminate\\Routing\\Router->runRouteWithinStack()
#38 /home/marcos/Desktop/IN2W/Desarrollo_Web_Servidor/api-examen/Examen/vendor/laravel/framework/src/Illuminate/Routing/Router.php(748): Illuminate\\Routing\\Router->runRoute()
#39 /home/marcos/Desktop/IN2W/Desarrollo_Web_Servidor/api-examen/Examen/vendor/laravel/framework/src/Illuminate/Routing/Router.php(737): Illuminate\\Routing\\Router->dispatchToRoute()
#40 /home/marcos/Desktop/IN2W/Desarrollo_Web_Servidor/api-examen/Examen/vendor/laravel/framework/src/Illuminate/Foundation/Http/Kernel.php(200): Illuminate\\Routing\\Router->dispatch()
#41 /home/marcos/Desktop/IN2W/Desarrollo_Web_Servidor/api-examen/Examen/vendor/laravel/framework/src/Illuminate/Pipeline/Pipeline.php(144): Illuminate\\Foundation\\Http\\Kernel->Illuminate\\Foundation\\Http\\{closure}()
#42 /home/marcos/Desktop/IN2W/Desarrollo_Web_Servidor/api-examen/Examen/vendor/laravel/framework/src/Illuminate/Foundation/Http/Middleware/TransformsRequest.php(21): Illuminate\\Pipeline\\Pipeline->Illuminate\\Pipeline\\{closure}()
#43 /home/marcos/Desktop/IN2W/Desarrollo_Web_Servidor/api-examen/Examen/vendor/laravel/framework/src/Illuminate/Foundation/Http/Middleware/ConvertEmptyStringsToNull.php(31): Illuminate\\Foundation\\Http\\Middleware\\TransformsRequest->handle()
#44 /home/marcos/Desktop/IN2W/Desarrollo_Web_Servidor/api-examen/Examen/vendor/laravel/framework/src/Illuminate/Pipeline/Pipeline.php(183): Illuminate\\Foundation\\Http\\Middleware\\ConvertEmptyStringsToNull->handle()
#45 /home/marcos/Desktop/IN2W/Desarrollo_Web_Servidor/api-examen/Examen/vendor/laravel/framework/src/Illuminate/Foundation/Http/Middleware/TransformsRequest.php(21): Illuminate\\Pipeline\\Pipeline->Illuminate\\Pipeline\\{closure}()
#46 /home/marcos/Desktop/IN2W/Desarrollo_Web_Servidor/api-examen/Examen/vendor/laravel/framework/src/Illuminate/Foundation/Http/Middleware/TrimStrings.php(40): Illuminate\\Foundation\\Http\\Middleware\\TransformsRequest->handle()
#47 /home/marcos/Desktop/IN2W/Desarrollo_Web_Servidor/api-examen/Examen/vendor/laravel/framework/src/Illuminate/Pipeline/Pipeline.php(183): Illuminate\\Foundation\\Http\\Middleware\\TrimStrings->handle()
#48 /home/marcos/Desktop/IN2W/Desarrollo_Web_Servidor/api-examen/Examen/vendor/laravel/framework/src/Illuminate/Foundation/Http/Middleware/ValidatePostSize.php(27): Illuminate\\Pipeline\\Pipeline->Illuminate\\Pipeline\\{closure}()
#49 /home/marcos/Desktop/IN2W/Desarrollo_Web_Servidor/api-examen/Examen/vendor/laravel/framework/src/Illuminate/Pipeline/Pipeline.php(183): Illuminate\\Foundation\\Http\\Middleware\\ValidatePostSize->handle()
#50 /home/marcos/Desktop/IN2W/Desarrollo_Web_Servidor/api-examen/Examen/vendor/laravel/framework/src/Illuminate/Foundation/Http/Middleware/PreventRequestsDuringMaintenance.php(99): Illuminate\\Pipeline\\Pipeline->Illuminate\\Pipeline\\{closure}()
#51 /home/marcos/Desktop/IN2W/Desarrollo_Web_Servidor/api-examen/Examen/vendor/laravel/framework/src/Illuminate/Pipeline/Pipeline.php(183): Illuminate\\Foundation\\Http\\Middleware\\PreventRequestsDuringMaintenance->handle()
#52 /home/marcos/Desktop/IN2W/Desarrollo_Web_Servidor/api-examen/Examen/vendor/laravel/framework/src/Illuminate/Http/Middleware/HandleCors.php(62): Illuminate\\Pipeline\\Pipeline->Illuminate\\Pipeline\\{closure}()
#53 /home/marcos/Desktop/IN2W/Desarrollo_Web_Servidor/api-examen/Examen/vendor/laravel/framework/src/Illuminate/Pipeline/Pipeline.php(183): Illuminate\\Http\\Middleware\\HandleCors->handle()
#54 /home/marcos/Desktop/IN2W/Desarrollo_Web_Servidor/api-examen/Examen/vendor/laravel/framework/src/Illuminate/Http/Middleware/TrustProxies.php(39): Illuminate\\Pipeline\\Pipeline->Illuminate\\Pipeline\\{closure}()
#55 /home/marcos/Desktop/IN2W/Desarrollo_Web_Servidor/api-examen/Examen/vendor/laravel/framework/src/Illuminate/Pipeline/Pipeline.php(183): Illuminate\\Http\\Middleware\\TrustProxies->handle()
#56 /home/marcos/Desktop/IN2W/Desarrollo_Web_Servidor/api-examen/Examen/vendor/laravel/framework/src/Illuminate/Pipeline/Pipeline.php(119): Illuminate\\Pipeline\\Pipeline->Illuminate\\Pipeline\\{closure}()
#57 /home/marcos/Desktop/IN2W/Desarrollo_Web_Servidor/api-examen/Examen/vendor/laravel/framework/src/Illuminate/Foundation/Http/Kernel.php(175): Illuminate\\Pipeline\\Pipeline->then()
#58 /home/marcos/Desktop/IN2W/Desarrollo_Web_Servidor/api-examen/Examen/vendor/laravel/framework/src/Illuminate/Foundation/Http/Kernel.php(144): Illuminate\\Foundation\\Http\\Kernel->sendRequestThroughRouter()
#59 /home/marcos/Desktop/IN2W/Desarrollo_Web_Servidor/api-examen/Examen/public/index.php(52): Illuminate\\Foundation\\Http\\Kernel->handle()
#60 /home/marcos/Desktop/IN2W/Desarrollo_Web_Servidor/api-examen/Examen/vendor/laravel/framework/src/Illuminate/Foundation/resources/server.php(16): require_once('...')
#61 {main}
"} 
[2024-02-27 09:18:20] local.ERROR: SQLSTATE[HY000] [2002] Connection refused (Connection: mysql, SQL: select * from `alumnos`) {"exception":"[object] (Illuminate\\Database\\QueryException(code: 2002): SQLSTATE[HY000] [2002] Connection refused (Connection: mysql, SQL: select * from `alumnos`) at /home/marcos/Desktop/IN2W/Desarrollo_Web_Servidor/api-examen/Examen/vendor/laravel/framework/src/Illuminate/Database/Connection.php:829)
[stacktrace]
#0 /home/marcos/Desktop/IN2W/Desarrollo_Web_Servidor/api-examen/Examen/vendor/laravel/framework/src/Illuminate/Database/Connection.php(983): Illuminate\\Database\\Connection->runQueryCallback()
#1 /home/marcos/Desktop/IN2W/Desarrollo_Web_Servidor/api-examen/Examen/vendor/laravel/framework/src/Illuminate/Database/Connection.php(963): Illuminate\\Database\\Connection->tryAgainIfCausedByLostConnection()
#2 /home/marcos/Desktop/IN2W/Desarrollo_Web_Servidor/api-examen/Examen/vendor/laravel/framework/src/Illuminate/Database/Connection.php(786): Illuminate\\Database\\Connection->handleQueryException()
#3 /home/marcos/Desktop/IN2W/Desarrollo_Web_Servidor/api-examen/Examen/vendor/laravel/framework/src/Illuminate/Database/Connection.php(431): Illuminate\\Database\\Connection->run()
#4 /home/marcos/Desktop/IN2W/Desarrollo_Web_Servidor/api-examen/Examen/vendor/laravel/framework/src/Illuminate/Database/Query/Builder.php(2752): Illuminate\\Database\\Connection->select()
#5 /home/marcos/Desktop/IN2W/Desarrollo_Web_Servidor/api-examen/Examen/vendor/laravel/framework/src/Illuminate/Database/Query/Builder.php(2740): Illuminate\\Database\\Query\\Builder->runSelect()
#6 /home/marcos/Desktop/IN2W/Desarrollo_Web_Servidor/api-examen/Examen/vendor/laravel/framework/src/Illuminate/Database/Query/Builder.php(3294): Illuminate\\Database\\Query\\Builder->Illuminate\\Database\\Query\\{closure}()
#7 /home/marcos/Desktop/IN2W/Desarrollo_Web_Servidor/api-examen/Examen/vendor/laravel/framework/src/Illuminate/Database/Query/Builder.php(2741): Illuminate\\Database\\Query\\Builder->onceWithColumns()
#8 /home/marcos/Desktop/IN2W/Desarrollo_Web_Servidor/api-examen/Examen/vendor/laravel/framework/src/Illuminate/Database/Eloquent/Builder.php(738): Illuminate\\Database\\Query\\Builder->get()
#9 /home/marcos/Desktop/IN2W/Desarrollo_Web_Servidor/api-examen/Examen/vendor/laravel/framework/src/Illuminate/Database/Eloquent/Builder.php(722): Illuminate\\Database\\Eloquent\\Builder->getModels()
#10 /home/marcos/Desktop/IN2W/Desarrollo_Web_Servidor/api-examen/Examen/vendor/laravel/framework/src/Illuminate/Database/Eloquent/Model.php(675): Illuminate\\Database\\Eloquent\\Builder->get()
#11 /home/marcos/Desktop/IN2W/Desarrollo_Web_Servidor/api-examen/Examen/app/Http/Controllers/AlumnoController.php(16): Illuminate\\Database\\Eloquent\\Model::all()
#12 /home/marcos/Desktop/IN2W/Desarrollo_Web_Servidor/api-examen/Examen/vendor/laravel/framework/src/Illuminate/Routing/Controller.php(54): App\\Http\\Controllers\\AlumnoController->index()
#13 /home/marcos/Desktop/IN2W/Desarrollo_Web_Servidor/api-examen/Examen/vendor/laravel/framework/src/Illuminate/Routing/ControllerDispatcher.php(43): Illuminate\\Routing\\Controller->callAction()
#14 /home/marcos/Desktop/IN2W/Desarrollo_Web_Servidor/api-examen/Examen/vendor/laravel/framework/src/Illuminate/Routing/Route.php(260): Illuminate\\Routing\\ControllerDispatcher->dispatch()
#15 /home/marcos/Desktop/IN2W/Desarrollo_Web_Servidor/api-examen/Examen/vendor/laravel/framework/src/Illuminate/Routing/Route.php(205): Illuminate\\Routing\\Route->runController()
#16 /home/marcos/Desktop/IN2W/Desarrollo_Web_Servidor/api-examen/Examen/vendor/laravel/framework/src/Illuminate/Routing/Router.php(806): Illuminate\\Routing\\Route->run()
#17 /home/marcos/Desktop/IN2W/Desarrollo_Web_Servidor/api-examen/Examen/vendor/laravel/framework/src/Illuminate/Pipeline/Pipeline.php(144): Illuminate\\Routing\\Router->Illuminate\\Routing\\{closure}()
#18 /home/marcos/Desktop/IN2W/Desarrollo_Web_Servidor/api-examen/Examen/vendor/laravel/framework/src/Illuminate/Routing/Middleware/SubstituteBindings.php(50): Illuminate\\Pipeline\\Pipeline->Illuminate\\Pipeline\\{closure}()
#19 /home/marcos/Desktop/IN2W/Desarrollo_Web_Servidor/api-examen/Examen/vendor/laravel/framework/src/Illuminate/Pipeline/Pipeline.php(183): Illuminate\\Routing\\Middleware\\SubstituteBindings->handle()
#20 /home/marcos/Desktop/IN2W/Desarrollo_Web_Servidor/api-examen/Examen/vendor/laravel/framework/src/Illuminate/Routing/Middleware/ThrottleRequests.php(159): Illuminate\\Pipeline\\Pipeline->Illuminate\\Pipeline\\{closure}()
#21 /home/marcos/Desktop/IN2W/Desarrollo_Web_Servidor/api-examen/Examen/vendor/laravel/framework/src/Illuminate/Routing/Middleware/ThrottleRequests.php(135): Illuminate\\Routing\\Middleware\\ThrottleRequests->handleRequest()
#22 /home/marcos/Desktop/IN2W/Desarrollo_Web_Servidor/api-examen/Examen/vendor/laravel/framework/src/Illuminate/Routing/Middleware/ThrottleRequests.php(87): Illuminate\\Routing\\Middleware\\ThrottleRequests->handleRequestUsingNamedLimiter()
#23 /home/marcos/Desktop/IN2W/Desarrollo_Web_Servidor/api-examen/Examen/vendor/laravel/framework/src/Illuminate/Pipeline/Pipeline.php(183): Illuminate\\Routing\\Middleware\\ThrottleRequests->handle()
#24 /home/marcos/Desktop/IN2W/Desarrollo_Web_Servidor/api-examen/Examen/vendor/laravel/framework/src/Illuminate/Pipeline/Pipeline.php(119): Illuminate\\Pipeline\\Pipeline->Illuminate\\Pipeline\\{closure}()
#25 /home/marcos/Desktop/IN2W/Desarrollo_Web_Servidor/api-examen/Examen/vendor/laravel/framework/src/Illuminate/Routing/Router.php(807): Illuminate\\Pipeline\\Pipeline->then()
#26 /home/marcos/Desktop/IN2W/Desarrollo_Web_Servidor/api-examen/Examen/vendor/laravel/framework/src/Illuminate/Routing/Router.php(784): Illuminate\\Routing\\Router->runRouteWithinStack()
#27 /home/marcos/Desktop/IN2W/Desarrollo_Web_Servidor/api-examen/Examen/vendor/laravel/framework/src/Illuminate/Routing/Router.php(748): Illuminate\\Routing\\Router->runRoute()
#28 /home/marcos/Desktop/IN2W/Desarrollo_Web_Servidor/api-examen/Examen/vendor/laravel/framework/src/Illuminate/Routing/Router.php(737): Illuminate\\Routing\\Router->dispatchToRoute()
#29 /home/marcos/Desktop/IN2W/Desarrollo_Web_Servidor/api-examen/Examen/vendor/laravel/framework/src/Illuminate/Foundation/Http/Kernel.php(200): Illuminate\\Routing\\Router->dispatch()
#30 /home/marcos/Desktop/IN2W/Desarrollo_Web_Servidor/api-examen/Examen/vendor/laravel/framework/src/Illuminate/Pipeline/Pipeline.php(144): Illuminate\\Foundation\\Http\\Kernel->Illuminate\\Foundation\\Http\\{closure}()
#31 /home/marcos/Desktop/IN2W/Desarrollo_Web_Servidor/api-examen/Examen/vendor/laravel/framework/src/Illuminate/Foundation/Http/Middleware/TransformsRequest.php(21): Illuminate\\Pipeline\\Pipeline->Illuminate\\Pipeline\\{closure}()
#32 /home/marcos/Desktop/IN2W/Desarrollo_Web_Servidor/api-examen/Examen/vendor/laravel/framework/src/Illuminate/Foundation/Http/Middleware/ConvertEmptyStringsToNull.php(31): Illuminate\\Foundation\\Http\\Middleware\\TransformsRequest->handle()
#33 /home/marcos/Desktop/IN2W/Desarrollo_Web_Servidor/api-examen/Examen/vendor/laravel/framework/src/Illuminate/Pipeline/Pipeline.php(183): Illuminate\\Foundation\\Http\\Middleware\\ConvertEmptyStringsToNull->handle()
#34 /home/marcos/Desktop/IN2W/Desarrollo_Web_Servidor/api-examen/Examen/vendor/laravel/framework/src/Illuminate/Foundation/Http/Middleware/TransformsRequest.php(21): Illuminate\\Pipeline\\Pipeline->Illuminate\\Pipeline\\{closure}()
#35 /home/marcos/Desktop/IN2W/Desarrollo_Web_Servidor/api-examen/Examen/vendor/laravel/framework/src/Illuminate/Foundation/Http/Middleware/TrimStrings.php(40): Illuminate\\Foundation\\Http\\Middleware\\TransformsRequest->handle()
#36 /home/marcos/Desktop/IN2W/Desarrollo_Web_Servidor/api-examen/Examen/vendor/laravel/framework/src/Illuminate/Pipeline/Pipeline.php(183): Illuminate\\Foundation\\Http\\Middleware\\TrimStrings->handle()
#37 /home/marcos/Desktop/IN2W/Desarrollo_Web_Servidor/api-examen/Examen/vendor/laravel/framework/src/Illuminate/Foundation/Http/Middleware/ValidatePostSize.php(27): Illuminate\\Pipeline\\Pipeline->Illuminate\\Pipeline\\{closure}()
#38 /home/marcos/Desktop/IN2W/Desarrollo_Web_Servidor/api-examen/Examen/vendor/laravel/framework/src/Illuminate/Pipeline/Pipeline.php(183): Illuminate\\Foundation\\Http\\Middleware\\ValidatePostSize->handle()
#39 /home/marcos/Desktop/IN2W/Desarrollo_Web_Servidor/api-examen/Examen/vendor/laravel/framework/src/Illuminate/Foundation/Http/Middleware/PreventRequestsDuringMaintenance.php(99): Illuminate\\Pipeline\\Pipeline->Illuminate\\Pipeline\\{closure}()
#40 /home/marcos/Desktop/IN2W/Desarrollo_Web_Servidor/api-examen/Examen/vendor/laravel/framework/src/Illuminate/Pipeline/Pipeline.php(183): Illuminate\\Foundation\\Http\\Middleware\\PreventRequestsDuringMaintenance->handle()
#41 /home/marcos/Desktop/IN2W/Desarrollo_Web_Servidor/api-examen/Examen/vendor/laravel/framework/src/Illuminate/Http/Middleware/HandleCors.php(62): Illuminate\\Pipeline\\Pipeline->Illuminate\\Pipeline\\{closure}()
#42 /home/marcos/Desktop/IN2W/Desarrollo_Web_Servidor/api-examen/Examen/vendor/laravel/framework/src/Illuminate/Pipeline/Pipeline.php(183): Illuminate\\Http\\Middleware\\HandleCors->handle()
#43 /home/marcos/Desktop/IN2W/Desarrollo_Web_Servidor/api-examen/Examen/vendor/laravel/framework/src/Illuminate/Http/Middleware/TrustProxies.php(39): Illuminate\\Pipeline\\Pipeline->Illuminate\\Pipeline\\{closure}()
#44 /home/marcos/Desktop/IN2W/Desarrollo_Web_Servidor/api-examen/Examen/vendor/laravel/framework/src/Illuminate/Pipeline/Pipeline.php(183): Illuminate\\Http\\Middleware\\TrustProxies->handle()
#45 /home/marcos/Desktop/IN2W/Desarrollo_Web_Servidor/api-examen/Examen/vendor/laravel/framework/src/Illuminate/Pipeline/Pipeline.php(119): Illuminate\\Pipeline\\Pipeline->Illuminate\\Pipeline\\{closure}()
#46 /home/marcos/Desktop/IN2W/Desarrollo_Web_Servidor/api-examen/Examen/vendor/laravel/framework/src/Illuminate/Foundation/Http/Kernel.php(175): Illuminate\\Pipeline\\Pipeline->then()
#47 /home/marcos/Desktop/IN2W/Desarrollo_Web_Servidor/api-examen/Examen/vendor/laravel/framework/src/Illuminate/Foundation/Http/Kernel.php(144): Illuminate\\Foundation\\Http\\Kernel->sendRequestThroughRouter()
#48 /home/marcos/Desktop/IN2W/Desarrollo_Web_Servidor/api-examen/Examen/public/index.php(52): Illuminate\\Foundation\\Http\\Kernel->handle()
#49 /home/marcos/Desktop/IN2W/Desarrollo_Web_Servidor/api-examen/Examen/vendor/laravel/framework/src/Illuminate/Foundation/resources/server.php(16): require_once('...')
#50 {main}

[previous exception] [object] (PDOException(code: 2002): SQLSTATE[HY000] [2002] Connection refused at /home/marcos/Desktop/IN2W/Desarrollo_Web_Servidor/api-examen/Examen/vendor/laravel/framework/src/Illuminate/Database/Connectors/Connector.php:65)
[stacktrace]
#0 /home/marcos/Desktop/IN2W/Desarrollo_Web_Servidor/api-examen/Examen/vendor/laravel/framework/src/Illuminate/Database/Connectors/Connector.php(65): PDO->__construct()
#1 /home/marcos/Desktop/IN2W/Desarrollo_Web_Servidor/api-examen/Examen/vendor/laravel/framework/src/Illuminate/Database/Connectors/Connector.php(83): Illuminate\\Database\\Connectors\\Connector->createPdoConnection()
#2 /home/marcos/Desktop/IN2W/Desarrollo_Web_Servidor/api-examen/Examen/vendor/laravel/framework/src/Illuminate/Database/Connectors/Connector.php(49): Illuminate\\Database\\Connectors\\Connector->tryAgainIfCausedByLostConnection()
#3 /home/marcos/Desktop/IN2W/Desarrollo_Web_Servidor/api-examen/Examen/vendor/laravel/framework/src/Illuminate/Database/Connectors/MySqlConnector.php(24): Illuminate\\Database\\Connectors\\Connector->createConnection()
#4 /home/marcos/Desktop/IN2W/Desarrollo_Web_Servidor/api-examen/Examen/vendor/laravel/framework/src/Illuminate/Database/Connectors/ConnectionFactory.php(184): Illuminate\\Database\\Connectors\\MySqlConnector->connect()
#5 [internal function]: Illuminate\\Database\\Connectors\\ConnectionFactory->Illuminate\\Database\\Connectors\\{closure}()
#6 /home/marcos/Desktop/IN2W/Desarrollo_Web_Servidor/api-examen/Examen/vendor/laravel/framework/src/Illuminate/Database/Connection.php(1339): call_user_func()
#7 /home/marcos/Desktop/IN2W/Desarrollo_Web_Servidor/api-examen/Examen/vendor/laravel/framework/src/Illuminate/Database/Connection.php(1375): Illuminate\\Database\\Connection->getPdo()
#8 /home/marcos/Desktop/IN2W/Desarrollo_Web_Servidor/api-examen/Examen/vendor/laravel/framework/src/Illuminate/Database/Connection.php(528): Illuminate\\Database\\Connection->getReadPdo()
#9 /home/marcos/Desktop/IN2W/Desarrollo_Web_Servidor/api-examen/Examen/vendor/laravel/framework/src/Illuminate/Database/Connection.php(423): Illuminate\\Database\\Connection->getPdoForSelect()
#10 /home/marcos/Desktop/IN2W/Desarrollo_Web_Servidor/api-examen/Examen/vendor/laravel/framework/src/Illuminate/Database/Connection.php(816): Illuminate\\Database\\Connection->Illuminate\\Database\\{closure}()
#11 /home/marcos/Desktop/IN2W/Desarrollo_Web_Servidor/api-examen/Examen/vendor/laravel/framework/src/Illuminate/Database/Connection.php(983): Illuminate\\Database\\Connection->runQueryCallback()
#12 /home/marcos/Desktop/IN2W/Desarrollo_Web_Servidor/api-examen/Examen/vendor/laravel/framework/src/Illuminate/Database/Connection.php(963): Illuminate\\Database\\Connection->tryAgainIfCausedByLostConnection()
#13 /home/marcos/Desktop/IN2W/Desarrollo_Web_Servidor/api-examen/Examen/vendor/laravel/framework/src/Illuminate/Database/Connection.php(786): Illuminate\\Database\\Connection->handleQueryException()
#14 /home/marcos/Desktop/IN2W/Desarrollo_Web_Servidor/api-examen/Examen/vendor/laravel/framework/src/Illuminate/Database/Connection.php(431): Illuminate\\Database\\Connection->run()
#15 /home/marcos/Desktop/IN2W/Desarrollo_Web_Servidor/api-examen/Examen/vendor/laravel/framework/src/Illuminate/Database/Query/Builder.php(2752): Illuminate\\Database\\Connection->select()
#16 /home/marcos/Desktop/IN2W/Desarrollo_Web_Servidor/api-examen/Examen/vendor/laravel/framework/src/Illuminate/Database/Query/Builder.php(2740): Illuminate\\Database\\Query\\Builder->runSelect()
#17 /home/marcos/Desktop/IN2W/Desarrollo_Web_Servidor/api-examen/Examen/vendor/laravel/framework/src/Illuminate/Database/Query/Builder.php(3294): Illuminate\\Database\\Query\\Builder->Illuminate\\Database\\Query\\{closure}()
#18 /home/marcos/Desktop/IN2W/Desarrollo_Web_Servidor/api-examen/Examen/vendor/laravel/framework/src/Illuminate/Database/Query/Builder.php(2741): Illuminate\\Database\\Query\\Builder->onceWithColumns()
#19 /home/marcos/Desktop/IN2W/Desarrollo_Web_Servidor/api-examen/Examen/vendor/laravel/framework/src/Illuminate/Database/Eloquent/Builder.php(738): Illuminate\\Database\\Query\\Builder->get()
#20 /home/marcos/Desktop/IN2W/Desarrollo_Web_Servidor/api-examen/Examen/vendor/laravel/framework/src/Illuminate/Database/Eloquent/Builder.php(722): Illuminate\\Database\\Eloquent\\Builder->getModels()
#21 /home/marcos/Desktop/IN2W/Desarrollo_Web_Servidor/api-examen/Examen/vendor/laravel/framework/src/Illuminate/Database/Eloquent/Model.php(675): Illuminate\\Database\\Eloquent\\Builder->get()
#22 /home/marcos/Desktop/IN2W/Desarrollo_Web_Servidor/api-examen/Examen/app/Http/Controllers/AlumnoController.php(16): Illuminate\\Database\\Eloquent\\Model::all()
#23 /home/marcos/Desktop/IN2W/Desarrollo_Web_Servidor/api-examen/Examen/vendor/laravel/framework/src/Illuminate/Routing/Controller.php(54): App\\Http\\Controllers\\AlumnoController->index()
#24 /home/marcos/Desktop/IN2W/Desarrollo_Web_Servidor/api-examen/Examen/vendor/laravel/framework/src/Illuminate/Routing/ControllerDispatcher.php(43): Illuminate\\Routing\\Controller->callAction()
#25 /home/marcos/Desktop/IN2W/Desarrollo_Web_Servidor/api-examen/Examen/vendor/laravel/framework/src/Illuminate/Routing/Route.php(260): Illuminate\\Routing\\ControllerDispatcher->dispatch()
#26 /home/marcos/Desktop/IN2W/Desarrollo_Web_Servidor/api-examen/Examen/vendor/laravel/framework/src/Illuminate/Routing/Route.php(205): Illuminate\\Routing\\Route->runController()
#27 /home/marcos/Desktop/IN2W/Desarrollo_Web_Servidor/api-examen/Examen/vendor/laravel/framework/src/Illuminate/Routing/Router.php(806): Illuminate\\Routing\\Route->run()
#28 /home/marcos/Desktop/IN2W/Desarrollo_Web_Servidor/api-examen/Examen/vendor/laravel/framework/src/Illuminate/Pipeline/Pipeline.php(144): Illuminate\\Routing\\Router->Illuminate\\Routing\\{closure}()
#29 /home/marcos/Desktop/IN2W/Desarrollo_Web_Servidor/api-examen/Examen/vendor/laravel/framework/src/Illuminate/Routing/Middleware/SubstituteBindings.php(50): Illuminate\\Pipeline\\Pipeline->Illuminate\\Pipeline\\{closure}()
#30 /home/marcos/Desktop/IN2W/Desarrollo_Web_Servidor/api-examen/Examen/vendor/laravel/framework/src/Illuminate/Pipeline/Pipeline.php(183): Illuminate\\Routing\\Middleware\\SubstituteBindings->handle()
#31 /home/marcos/Desktop/IN2W/Desarrollo_Web_Servidor/api-examen/Examen/vendor/laravel/framework/src/Illuminate/Routing/Middleware/ThrottleRequests.php(159): Illuminate\\Pipeline\\Pipeline->Illuminate\\Pipeline\\{closure}()
#32 /home/marcos/Desktop/IN2W/Desarrollo_Web_Servidor/api-examen/Examen/vendor/laravel/framework/src/Illuminate/Routing/Middleware/ThrottleRequests.php(135): Illuminate\\Routing\\Middleware\\ThrottleRequests->handleRequest()
#33 /home/marcos/Desktop/IN2W/Desarrollo_Web_Servidor/api-examen/Examen/vendor/laravel/framework/src/Illuminate/Routing/Middleware/ThrottleRequests.php(87): Illuminate\\Routing\\Middleware\\ThrottleRequests->handleRequestUsingNamedLimiter()
#34 /home/marcos/Desktop/IN2W/Desarrollo_Web_Servidor/api-examen/Examen/vendor/laravel/framework/src/Illuminate/Pipeline/Pipeline.php(183): Illuminate\\Routing\\Middleware\\ThrottleRequests->handle()
#35 /home/marcos/Desktop/IN2W/Desarrollo_Web_Servidor/api-examen/Examen/vendor/laravel/framework/src/Illuminate/Pipeline/Pipeline.php(119): Illuminate\\Pipeline\\Pipeline->Illuminate\\Pipeline\\{closure}()
#36 /home/marcos/Desktop/IN2W/Desarrollo_Web_Servidor/api-examen/Examen/vendor/laravel/framework/src/Illuminate/Routing/Router.php(807): Illuminate\\Pipeline\\Pipeline->then()
#37 /home/marcos/Desktop/IN2W/Desarrollo_Web_Servidor/api-examen/Examen/vendor/laravel/framework/src/Illuminate/Routing/Router.php(784): Illuminate\\Routing\\Router->runRouteWithinStack()
#38 /home/marcos/Desktop/IN2W/Desarrollo_Web_Servidor/api-examen/Examen/vendor/laravel/framework/src/Illuminate/Routing/Router.php(748): Illuminate\\Routing\\Router->runRoute()
#39 /home/marcos/Desktop/IN2W/Desarrollo_Web_Servidor/api-examen/Examen/vendor/laravel/framework/src/Illuminate/Routing/Router.php(737): Illuminate\\Routing\\Router->dispatchToRoute()
#40 /home/marcos/Desktop/IN2W/Desarrollo_Web_Servidor/api-examen/Examen/vendor/laravel/framework/src/Illuminate/Foundation/Http/Kernel.php(200): Illuminate\\Routing\\Router->dispatch()
#41 /home/marcos/Desktop/IN2W/Desarrollo_Web_Servidor/api-examen/Examen/vendor/laravel/framework/src/Illuminate/Pipeline/Pipeline.php(144): Illuminate\\Foundation\\Http\\Kernel->Illuminate\\Foundation\\Http\\{closure}()
#42 /home/marcos/Desktop/IN2W/Desarrollo_Web_Servidor/api-examen/Examen/vendor/laravel/framework/src/Illuminate/Foundation/Http/Middleware/TransformsRequest.php(21): Illuminate\\Pipeline\\Pipeline->Illuminate\\Pipeline\\{closure}()
#43 /home/marcos/Desktop/IN2W/Desarrollo_Web_Servidor/api-examen/Examen/vendor/laravel/framework/src/Illuminate/Foundation/Http/Middleware/ConvertEmptyStringsToNull.php(31): Illuminate\\Foundation\\Http\\Middleware\\TransformsRequest->handle()
#44 /home/marcos/Desktop/IN2W/Desarrollo_Web_Servidor/api-examen/Examen/vendor/laravel/framework/src/Illuminate/Pipeline/Pipeline.php(183): Illuminate\\Foundation\\Http\\Middleware\\ConvertEmptyStringsToNull->handle()
#45 /home/marcos/Desktop/IN2W/Desarrollo_Web_Servidor/api-examen/Examen/vendor/laravel/framework/src/Illuminate/Foundation/Http/Middleware/TransformsRequest.php(21): Illuminate\\Pipeline\\Pipeline->Illuminate\\Pipeline\\{closure}()
#46 /home/marcos/Desktop/IN2W/Desarrollo_Web_Servidor/api-examen/Examen/vendor/laravel/framework/src/Illuminate/Foundation/Http/Middleware/TrimStrings.php(40): Illuminate\\Foundation\\Http\\Middleware\\TransformsRequest->handle()
#47 /home/marcos/Desktop/IN2W/Desarrollo_Web_Servidor/api-examen/Examen/vendor/laravel/framework/src/Illuminate/Pipeline/Pipeline.php(183): Illuminate\\Foundation\\Http\\Middleware\\TrimStrings->handle()
#48 /home/marcos/Desktop/IN2W/Desarrollo_Web_Servidor/api-examen/Examen/vendor/laravel/framework/src/Illuminate/Foundation/Http/Middleware/ValidatePostSize.php(27): Illuminate\\Pipeline\\Pipeline->Illuminate\\Pipeline\\{closure}()
#49 /home/marcos/Desktop/IN2W/Desarrollo_Web_Servidor/api-examen/Examen/vendor/laravel/framework/src/Illuminate/Pipeline/Pipeline.php(183): Illuminate\\Foundation\\Http\\Middleware\\ValidatePostSize->handle()
#50 /home/marcos/Desktop/IN2W/Desarrollo_Web_Servidor/api-examen/Examen/vendor/laravel/framework/src/Illuminate/Foundation/Http/Middleware/PreventRequestsDuringMaintenance.php(99): Illuminate\\Pipeline\\Pipeline->Illuminate\\Pipeline\\{closure}()
#51 /home/marcos/Desktop/IN2W/Desarrollo_Web_Servidor/api-examen/Examen/vendor/laravel/framework/src/Illuminate/Pipeline/Pipeline.php(183): Illuminate\\Foundation\\Http\\Middleware\\PreventRequestsDuringMaintenance->handle()
#52 /home/marcos/Desktop/IN2W/Desarrollo_Web_Servidor/api-examen/Examen/vendor/laravel/framework/src/Illuminate/Http/Middleware/HandleCors.php(62): Illuminate\\Pipeline\\Pipeline->Illuminate\\Pipeline\\{closure}()
#53 /home/marcos/Desktop/IN2W/Desarrollo_Web_Servidor/api-examen/Examen/vendor/laravel/framework/src/Illuminate/Pipeline/Pipeline.php(183): Illuminate\\Http\\Middleware\\HandleCors->handle()
#54 /home/marcos/Desktop/IN2W/Desarrollo_Web_Servidor/api-examen/Examen/vendor/laravel/framework/src/Illuminate/Http/Middleware/TrustProxies.php(39): Illuminate\\Pipeline\\Pipeline->Illuminate\\Pipeline\\{closure}()
#55 /home/marcos/Desktop/IN2W/Desarrollo_Web_Servidor/api-examen/Examen/vendor/laravel/framework/src/Illuminate/Pipeline/Pipeline.php(183): Illuminate\\Http\\Middleware\\TrustProxies->handle()
#56 /home/marcos/Desktop/IN2W/Desarrollo_Web_Servidor/api-examen/Examen/vendor/laravel/framework/src/Illuminate/Pipeline/Pipeline.php(119): Illuminate\\Pipeline\\Pipeline->Illuminate\\Pipeline\\{closure}()
#57 /home/marcos/Desktop/IN2W/Desarrollo_Web_Servidor/api-examen/Examen/vendor/laravel/framework/src/Illuminate/Foundation/Http/Kernel.php(175): Illuminate\\Pipeline\\Pipeline->then()
#58 /home/marcos/Desktop/IN2W/Desarrollo_Web_Servidor/api-examen/Examen/vendor/laravel/framework/src/Illuminate/Foundation/Http/Kernel.php(144): Illuminate\\Foundation\\Http\\Kernel->sendRequestThroughRouter()
#59 /home/marcos/Desktop/IN2W/Desarrollo_Web_Servidor/api-examen/Examen/public/index.php(52): Illuminate\\Foundation\\Http\\Kernel->handle()
#60 /home/marcos/Desktop/IN2W/Desarrollo_Web_Servidor/api-examen/Examen/vendor/laravel/framework/src/Illuminate/Foundation/resources/server.php(16): require_once('...')
#61 {main}
"} 
[2024-02-27 09:24:23] local.ERROR: SQLSTATE[HY000] [2002] Connection refused (Connection: mysql, SQL: select count(*) as aggregate from `alumnos` where `email` = nombre@a.com) {"exception":"[object] (Illuminate\\Database\\QueryException(code: 2002): SQLSTATE[HY000] [2002] Connection refused (Connection: mysql, SQL: select count(*) as aggregate from `alumnos` where `email` = nombre@a.com) at /home/marcos/Desktop/IN2W/Desarrollo_Web_Servidor/api-examen/Examen/vendor/laravel/framework/src/Illuminate/Database/Connection.php:829)
[stacktrace]
#0 /home/marcos/Desktop/IN2W/Desarrollo_Web_Servidor/api-examen/Examen/vendor/laravel/framework/src/Illuminate/Database/Connection.php(983): Illuminate\\Database\\Connection->runQueryCallback()
#1 /home/marcos/Desktop/IN2W/Desarrollo_Web_Servidor/api-examen/Examen/vendor/laravel/framework/src/Illuminate/Database/Connection.php(963): Illuminate\\Database\\Connection->tryAgainIfCausedByLostConnection()
#2 /home/marcos/Desktop/IN2W/Desarrollo_Web_Servidor/api-examen/Examen/vendor/laravel/framework/src/Illuminate/Database/Connection.php(786): Illuminate\\Database\\Connection->handleQueryException()
#3 /home/marcos/Desktop/IN2W/Desarrollo_Web_Servidor/api-examen/Examen/vendor/laravel/framework/src/Illuminate/Database/Connection.php(431): Illuminate\\Database\\Connection->run()
#4 /home/marcos/Desktop/IN2W/Desarrollo_Web_Servidor/api-examen/Examen/vendor/laravel/framework/src/Illuminate/Database/Query/Builder.php(2752): Illuminate\\Database\\Connection->select()
#5 /home/marcos/Desktop/IN2W/Desarrollo_Web_Servidor/api-examen/Examen/vendor/laravel/framework/src/Illuminate/Database/Query/Builder.php(2740): Illuminate\\Database\\Query\\Builder->runSelect()
#6 /home/marcos/Desktop/IN2W/Desarrollo_Web_Servidor/api-examen/Examen/vendor/laravel/framework/src/Illuminate/Database/Query/Builder.php(3294): Illuminate\\Database\\Query\\Builder->Illuminate\\Database\\Query\\{closure}()
#7 /home/marcos/Desktop/IN2W/Desarrollo_Web_Servidor/api-examen/Examen/vendor/laravel/framework/src/Illuminate/Database/Query/Builder.php(2741): Illuminate\\Database\\Query\\Builder->onceWithColumns()
#8 /home/marcos/Desktop/IN2W/Desarrollo_Web_Servidor/api-examen/Examen/vendor/laravel/framework/src/Illuminate/Database/Query/Builder.php(3221): Illuminate\\Database\\Query\\Builder->get()
#9 /home/marcos/Desktop/IN2W/Desarrollo_Web_Servidor/api-examen/Examen/vendor/laravel/framework/src/Illuminate/Database/Query/Builder.php(3149): Illuminate\\Database\\Query\\Builder->aggregate()
#10 /home/marcos/Desktop/IN2W/Desarrollo_Web_Servidor/api-examen/Examen/vendor/laravel/framework/src/Illuminate/Validation/DatabasePresenceVerifier.php(54): Illuminate\\Database\\Query\\Builder->count()
#11 /home/marcos/Desktop/IN2W/Desarrollo_Web_Servidor/api-examen/Examen/vendor/laravel/framework/src/Illuminate/Validation/Concerns/ValidatesAttributes.php(949): Illuminate\\Validation\\DatabasePresenceVerifier->getCount()
#12 /home/marcos/Desktop/IN2W/Desarrollo_Web_Servidor/api-examen/Examen/vendor/laravel/framework/src/Illuminate/Validation/Validator.php(658): Illuminate\\Validation\\Validator->validateUnique()
#13 /home/marcos/Desktop/IN2W/Desarrollo_Web_Servidor/api-examen/Examen/vendor/laravel/framework/src/Illuminate/Validation/Validator.php(457): Illuminate\\Validation\\Validator->validateAttribute()
#14 /home/marcos/Desktop/IN2W/Desarrollo_Web_Servidor/api-examen/Examen/vendor/laravel/framework/src/Illuminate/Validation/Validator.php(492): Illuminate\\Validation\\Validator->passes()
#15 /home/marcos/Desktop/IN2W/Desarrollo_Web_Servidor/api-examen/Examen/vendor/laravel/framework/src/Illuminate/Validation/ValidatesWhenResolvedTrait.php(31): Illuminate\\Validation\\Validator->fails()
#16 /home/marcos/Desktop/IN2W/Desarrollo_Web_Servidor/api-examen/Examen/vendor/laravel/framework/src/Illuminate/Foundation/Providers/FormRequestServiceProvider.php(30): Illuminate\\Foundation\\Http\\FormRequest->validateResolved()
#17 /home/marcos/Desktop/IN2W/Desarrollo_Web_Servidor/api-examen/Examen/vendor/laravel/framework/src/Illuminate/Container/Container.php(1302): Illuminate\\Foundation\\Providers\\FormRequestServiceProvider->Illuminate\\Foundation\\Providers\\{closure}()
#18 /home/marcos/Desktop/IN2W/Desarrollo_Web_Servidor/api-examen/Examen/vendor/laravel/framework/src/Illuminate/Container/Container.php(1267): Illuminate\\Container\\Container->fireCallbackArray()
#19 /home/marcos/Desktop/IN2W/Desarrollo_Web_Servidor/api-examen/Examen/vendor/laravel/framework/src/Illuminate/Container/Container.php(1252): Illuminate\\Container\\Container->fireAfterResolvingCallbacks()
#20 /home/marcos/Desktop/IN2W/Desarrollo_Web_Servidor/api-examen/Examen/vendor/laravel/framework/src/Illuminate/Container/Container.php(813): Illuminate\\Container\\Container->fireResolvingCallbacks()
#21 /home/marcos/Desktop/IN2W/Desarrollo_Web_Servidor/api-examen/Examen/vendor/laravel/framework/src/Illuminate/Foundation/Application.php(957): Illuminate\\Container\\Container->resolve()
#22 /home/marcos/Desktop/IN2W/Desarrollo_Web_Servidor/api-examen/Examen/vendor/laravel/framework/src/Illuminate/Container/Container.php(731): Illuminate\\Foundation\\Application->resolve()
#23 /home/marcos/Desktop/IN2W/Desarrollo_Web_Servidor/api-examen/Examen/vendor/laravel/framework/src/Illuminate/Foundation/Application.php(942): Illuminate\\Container\\Container->make()
#24 /home/marcos/Desktop/IN2W/Desarrollo_Web_Servidor/api-examen/Examen/vendor/laravel/framework/src/Illuminate/Routing/ResolvesRouteDependencies.php(85): Illuminate\\Foundation\\Application->make()
#25 /home/marcos/Desktop/IN2W/Desarrollo_Web_Servidor/api-examen/Examen/vendor/laravel/framework/src/Illuminate/Routing/ResolvesRouteDependencies.php(50): Illuminate\\Routing\\ControllerDispatcher->transformDependency()
#26 /home/marcos/Desktop/IN2W/Desarrollo_Web_Servidor/api-examen/Examen/vendor/laravel/framework/src/Illuminate/Routing/ResolvesRouteDependencies.php(30): Illuminate\\Routing\\ControllerDispatcher->resolveMethodDependencies()
#27 /home/marcos/Desktop/IN2W/Desarrollo_Web_Servidor/api-examen/Examen/vendor/laravel/framework/src/Illuminate/Routing/ControllerDispatcher.php(60): Illuminate\\Routing\\ControllerDispatcher->resolveClassMethodDependencies()
#28 /home/marcos/Desktop/IN2W/Desarrollo_Web_Servidor/api-examen/Examen/vendor/laravel/framework/src/Illuminate/Routing/ControllerDispatcher.php(40): Illuminate\\Routing\\ControllerDispatcher->resolveParameters()
#29 /home/marcos/Desktop/IN2W/Desarrollo_Web_Servidor/api-examen/Examen/vendor/laravel/framework/src/Illuminate/Routing/Route.php(260): Illuminate\\Routing\\ControllerDispatcher->dispatch()
#30 /home/marcos/Desktop/IN2W/Desarrollo_Web_Servidor/api-examen/Examen/vendor/laravel/framework/src/Illuminate/Routing/Route.php(205): Illuminate\\Routing\\Route->runController()
#31 /home/marcos/Desktop/IN2W/Desarrollo_Web_Servidor/api-examen/Examen/vendor/laravel/framework/src/Illuminate/Routing/Router.php(806): Illuminate\\Routing\\Route->run()
#32 /home/marcos/Desktop/IN2W/Desarrollo_Web_Servidor/api-examen/Examen/vendor/laravel/framework/src/Illuminate/Pipeline/Pipeline.php(144): Illuminate\\Routing\\Router->Illuminate\\Routing\\{closure}()
#33 /home/marcos/Desktop/IN2W/Desarrollo_Web_Servidor/api-examen/Examen/app/Http/Middleware/HandleMiddleware.php(27): Illuminate\\Pipeline\\Pipeline->Illuminate\\Pipeline\\{closure}()
#34 /home/marcos/Desktop/IN2W/Desarrollo_Web_Servidor/api-examen/Examen/vendor/laravel/framework/src/Illuminate/Pipeline/Pipeline.php(183): App\\Http\\Middleware\\HandleMiddleware->handle()
#35 /home/marcos/Desktop/IN2W/Desarrollo_Web_Servidor/api-examen/Examen/vendor/laravel/framework/src/Illuminate/Routing/Middleware/SubstituteBindings.php(50): Illuminate\\Pipeline\\Pipeline->Illuminate\\Pipeline\\{closure}()
#36 /home/marcos/Desktop/IN2W/Desarrollo_Web_Servidor/api-examen/Examen/vendor/laravel/framework/src/Illuminate/Pipeline/Pipeline.php(183): Illuminate\\Routing\\Middleware\\SubstituteBindings->handle()
#37 /home/marcos/Desktop/IN2W/Desarrollo_Web_Servidor/api-examen/Examen/vendor/laravel/framework/src/Illuminate/Routing/Middleware/ThrottleRequests.php(159): Illuminate\\Pipeline\\Pipeline->Illuminate\\Pipeline\\{closure}()
#38 /home/marcos/Desktop/IN2W/Desarrollo_Web_Servidor/api-examen/Examen/vendor/laravel/framework/src/Illuminate/Routing/Middleware/ThrottleRequests.php(135): Illuminate\\Routing\\Middleware\\ThrottleRequests->handleRequest()
#39 /home/marcos/Desktop/IN2W/Desarrollo_Web_Servidor/api-examen/Examen/vendor/laravel/framework/src/Illuminate/Routing/Middleware/ThrottleRequests.php(87): Illuminate\\Routing\\Middleware\\ThrottleRequests->handleRequestUsingNamedLimiter()
#40 /home/marcos/Desktop/IN2W/Desarrollo_Web_Servidor/api-examen/Examen/vendor/laravel/framework/src/Illuminate/Pipeline/Pipeline.php(183): Illuminate\\Routing\\Middleware\\ThrottleRequests->handle()
#41 /home/marcos/Desktop/IN2W/Desarrollo_Web_Servidor/api-examen/Examen/vendor/laravel/framework/src/Illuminate/Pipeline/Pipeline.php(119): Illuminate\\Pipeline\\Pipeline->Illuminate\\Pipeline\\{closure}()
#42 /home/marcos/Desktop/IN2W/Desarrollo_Web_Servidor/api-examen/Examen/vendor/laravel/framework/src/Illuminate/Routing/Router.php(807): Illuminate\\Pipeline\\Pipeline->then()
#43 /home/marcos/Desktop/IN2W/Desarrollo_Web_Servidor/api-examen/Examen/vendor/laravel/framework/src/Illuminate/Routing/Router.php(784): Illuminate\\Routing\\Router->runRouteWithinStack()
#44 /home/marcos/Desktop/IN2W/Desarrollo_Web_Servidor/api-examen/Examen/vendor/laravel/framework/src/Illuminate/Routing/Router.php(748): Illuminate\\Routing\\Router->runRoute()
#45 /home/marcos/Desktop/IN2W/Desarrollo_Web_Servidor/api-examen/Examen/vendor/laravel/framework/src/Illuminate/Routing/Router.php(737): Illuminate\\Routing\\Router->dispatchToRoute()
#46 /home/marcos/Desktop/IN2W/Desarrollo_Web_Servidor/api-examen/Examen/vendor/laravel/framework/src/Illuminate/Foundation/Http/Kernel.php(200): Illuminate\\Routing\\Router->dispatch()
#47 /home/marcos/Desktop/IN2W/Desarrollo_Web_Servidor/api-examen/Examen/vendor/laravel/framework/src/Illuminate/Pipeline/Pipeline.php(144): Illuminate\\Foundation\\Http\\Kernel->Illuminate\\Foundation\\Http\\{closure}()
#48 /home/marcos/Desktop/IN2W/Desarrollo_Web_Servidor/api-examen/Examen/vendor/laravel/framework/src/Illuminate/Foundation/Http/Middleware/TransformsRequest.php(21): Illuminate\\Pipeline\\Pipeline->Illuminate\\Pipeline\\{closure}()
#49 /home/marcos/Desktop/IN2W/Desarrollo_Web_Servidor/api-examen/Examen/vendor/laravel/framework/src/Illuminate/Foundation/Http/Middleware/ConvertEmptyStringsToNull.php(31): Illuminate\\Foundation\\Http\\Middleware\\TransformsRequest->handle()
#50 /home/marcos/Desktop/IN2W/Desarrollo_Web_Servidor/api-examen/Examen/vendor/laravel/framework/src/Illuminate/Pipeline/Pipeline.php(183): Illuminate\\Foundation\\Http\\Middleware\\ConvertEmptyStringsToNull->handle()
#51 /home/marcos/Desktop/IN2W/Desarrollo_Web_Servidor/api-examen/Examen/vendor/laravel/framework/src/Illuminate/Foundation/Http/Middleware/TransformsRequest.php(21): Illuminate\\Pipeline\\Pipeline->Illuminate\\Pipeline\\{closure}()
#52 /home/marcos/Desktop/IN2W/Desarrollo_Web_Servidor/api-examen/Examen/vendor/laravel/framework/src/Illuminate/Foundation/Http/Middleware/TrimStrings.php(40): Illuminate\\Foundation\\Http\\Middleware\\TransformsRequest->handle()
#53 /home/marcos/Desktop/IN2W/Desarrollo_Web_Servidor/api-examen/Examen/vendor/laravel/framework/src/Illuminate/Pipeline/Pipeline.php(183): Illuminate\\Foundation\\Http\\Middleware\\TrimStrings->handle()
#54 /home/marcos/Desktop/IN2W/Desarrollo_Web_Servidor/api-examen/Examen/vendor/laravel/framework/src/Illuminate/Foundation/Http/Middleware/ValidatePostSize.php(27): Illuminate\\Pipeline\\Pipeline->Illuminate\\Pipeline\\{closure}()
#55 /home/marcos/Desktop/IN2W/Desarrollo_Web_Servidor/api-examen/Examen/vendor/laravel/framework/src/Illuminate/Pipeline/Pipeline.php(183): Illuminate\\Foundation\\Http\\Middleware\\ValidatePostSize->handle()
#56 /home/marcos/Desktop/IN2W/Desarrollo_Web_Servidor/api-examen/Examen/vendor/laravel/framework/src/Illuminate/Foundation/Http/Middleware/PreventRequestsDuringMaintenance.php(99): Illuminate\\Pipeline\\Pipeline->Illuminate\\Pipeline\\{closure}()
#57 /home/marcos/Desktop/IN2W/Desarrollo_Web_Servidor/api-examen/Examen/vendor/laravel/framework/src/Illuminate/Pipeline/Pipeline.php(183): Illuminate\\Foundation\\Http\\Middleware\\PreventRequestsDuringMaintenance->handle()
#58 /home/marcos/Desktop/IN2W/Desarrollo_Web_Servidor/api-examen/Examen/vendor/laravel/framework/src/Illuminate/Http/Middleware/HandleCors.php(62): Illuminate\\Pipeline\\Pipeline->Illuminate\\Pipeline\\{closure}()
#59 /home/marcos/Desktop/IN2W/Desarrollo_Web_Servidor/api-examen/Examen/vendor/laravel/framework/src/Illuminate/Pipeline/Pipeline.php(183): Illuminate\\Http\\Middleware\\HandleCors->handle()
#60 /home/marcos/Desktop/IN2W/Desarrollo_Web_Servidor/api-examen/Examen/vendor/laravel/framework/src/Illuminate/Http/Middleware/TrustProxies.php(39): Illuminate\\Pipeline\\Pipeline->Illuminate\\Pipeline\\{closure}()
#61 /home/marcos/Desktop/IN2W/Desarrollo_Web_Servidor/api-examen/Examen/vendor/laravel/framework/src/Illuminate/Pipeline/Pipeline.php(183): Illuminate\\Http\\Middleware\\TrustProxies->handle()
#62 /home/marcos/Desktop/IN2W/Desarrollo_Web_Servidor/api-examen/Examen/vendor/laravel/framework/src/Illuminate/Pipeline/Pipeline.php(119): Illuminate\\Pipeline\\Pipeline->Illuminate\\Pipeline\\{closure}()
#63 /home/marcos/Desktop/IN2W/Desarrollo_Web_Servidor/api-examen/Examen/vendor/laravel/framework/src/Illuminate/Foundation/Http/Kernel.php(175): Illuminate\\Pipeline\\Pipeline->then()
#64 /home/marcos/Desktop/IN2W/Desarrollo_Web_Servidor/api-examen/Examen/vendor/laravel/framework/src/Illuminate/Foundation/Http/Kernel.php(144): Illuminate\\Foundation\\Http\\Kernel->sendRequestThroughRouter()
#65 /home/marcos/Desktop/IN2W/Desarrollo_Web_Servidor/api-examen/Examen/public/index.php(52): Illuminate\\Foundation\\Http\\Kernel->handle()
#66 /home/marcos/Desktop/IN2W/Desarrollo_Web_Servidor/api-examen/Examen/vendor/laravel/framework/src/Illuminate/Foundation/resources/server.php(16): require_once('...')
#67 {main}

[previous exception] [object] (PDOException(code: 2002): SQLSTATE[HY000] [2002] Connection refused at /home/marcos/Desktop/IN2W/Desarrollo_Web_Servidor/api-examen/Examen/vendor/laravel/framework/src/Illuminate/Database/Connectors/Connector.php:65)
[stacktrace]
#0 /home/marcos/Desktop/IN2W/Desarrollo_Web_Servidor/api-examen/Examen/vendor/laravel/framework/src/Illuminate/Database/Connectors/Connector.php(65): PDO->__construct()
#1 /home/marcos/Desktop/IN2W/Desarrollo_Web_Servidor/api-examen/Examen/vendor/laravel/framework/src/Illuminate/Database/Connectors/Connector.php(83): Illuminate\\Database\\Connectors\\Connector->createPdoConnection()
#2 /home/marcos/Desktop/IN2W/Desarrollo_Web_Servidor/api-examen/Examen/vendor/laravel/framework/src/Illuminate/Database/Connectors/Connector.php(49): Illuminate\\Database\\Connectors\\Connector->tryAgainIfCausedByLostConnection()
#3 /home/marcos/Desktop/IN2W/Desarrollo_Web_Servidor/api-examen/Examen/vendor/laravel/framework/src/Illuminate/Database/Connectors/MySqlConnector.php(24): Illuminate\\Database\\Connectors\\Connector->createConnection()
#4 /home/marcos/Desktop/IN2W/Desarrollo_Web_Servidor/api-examen/Examen/vendor/laravel/framework/src/Illuminate/Database/Connectors/ConnectionFactory.php(184): Illuminate\\Database\\Connectors\\MySqlConnector->connect()
#5 [internal function]: Illuminate\\Database\\Connectors\\ConnectionFactory->Illuminate\\Database\\Connectors\\{closure}()
#6 /home/marcos/Desktop/IN2W/Desarrollo_Web_Servidor/api-examen/Examen/vendor/laravel/framework/src/Illuminate/Database/Connection.php(1339): call_user_func()
#7 /home/marcos/Desktop/IN2W/Desarrollo_Web_Servidor/api-examen/Examen/vendor/laravel/framework/src/Illuminate/Database/Connection.php(528): Illuminate\\Database\\Connection->getPdo()
#8 /home/marcos/Desktop/IN2W/Desarrollo_Web_Servidor/api-examen/Examen/vendor/laravel/framework/src/Illuminate/Database/Connection.php(423): Illuminate\\Database\\Connection->getPdoForSelect()
#9 /home/marcos/Desktop/IN2W/Desarrollo_Web_Servidor/api-examen/Examen/vendor/laravel/framework/src/Illuminate/Database/Connection.php(816): Illuminate\\Database\\Connection->Illuminate\\Database\\{closure}()
#10 /home/marcos/Desktop/IN2W/Desarrollo_Web_Servidor/api-examen/Examen/vendor/laravel/framework/src/Illuminate/Database/Connection.php(983): Illuminate\\Database\\Connection->runQueryCallback()
#11 /home/marcos/Desktop/IN2W/Desarrollo_Web_Servidor/api-examen/Examen/vendor/laravel/framework/src/Illuminate/Database/Connection.php(963): Illuminate\\Database\\Connection->tryAgainIfCausedByLostConnection()
#12 /home/marcos/Desktop/IN2W/Desarrollo_Web_Servidor/api-examen/Examen/vendor/laravel/framework/src/Illuminate/Database/Connection.php(786): Illuminate\\Database\\Connection->handleQueryException()
#13 /home/marcos/Desktop/IN2W/Desarrollo_Web_Servidor/api-examen/Examen/vendor/laravel/framework/src/Illuminate/Database/Connection.php(431): Illuminate\\Database\\Connection->run()
#14 /home/marcos/Desktop/IN2W/Desarrollo_Web_Servidor/api-examen/Examen/vendor/laravel/framework/src/Illuminate/Database/Query/Builder.php(2752): Illuminate\\Database\\Connection->select()
#15 /home/marcos/Desktop/IN2W/Desarrollo_Web_Servidor/api-examen/Examen/vendor/laravel/framework/src/Illuminate/Database/Query/Builder.php(2740): Illuminate\\Database\\Query\\Builder->runSelect()
#16 /home/marcos/Desktop/IN2W/Desarrollo_Web_Servidor/api-examen/Examen/vendor/laravel/framework/src/Illuminate/Database/Query/Builder.php(3294): Illuminate\\Database\\Query\\Builder->Illuminate\\Database\\Query\\{closure}()
#17 /home/marcos/Desktop/IN2W/Desarrollo_Web_Servidor/api-examen/Examen/vendor/laravel/framework/src/Illuminate/Database/Query/Builder.php(2741): Illuminate\\Database\\Query\\Builder->onceWithColumns()
#18 /home/marcos/Desktop/IN2W/Desarrollo_Web_Servidor/api-examen/Examen/vendor/laravel/framework/src/Illuminate/Database/Query/Builder.php(3221): Illuminate\\Database\\Query\\Builder->get()
#19 /home/marcos/Desktop/IN2W/Desarrollo_Web_Servidor/api-examen/Examen/vendor/laravel/framework/src/Illuminate/Database/Query/Builder.php(3149): Illuminate\\Database\\Query\\Builder->aggregate()
#20 /home/marcos/Desktop/IN2W/Desarrollo_Web_Servidor/api-examen/Examen/vendor/laravel/framework/src/Illuminate/Validation/DatabasePresenceVerifier.php(54): Illuminate\\Database\\Query\\Builder->count()
#21 /home/marcos/Desktop/IN2W/Desarrollo_Web_Servidor/api-examen/Examen/vendor/laravel/framework/src/Illuminate/Validation/Concerns/ValidatesAttributes.php(949): Illuminate\\Validation\\DatabasePresenceVerifier->getCount()
#22 /home/marcos/Desktop/IN2W/Desarrollo_Web_Servidor/api-examen/Examen/vendor/laravel/framework/src/Illuminate/Validation/Validator.php(658): Illuminate\\Validation\\Validator->validateUnique()
#23 /home/marcos/Desktop/IN2W/Desarrollo_Web_Servidor/api-examen/Examen/vendor/laravel/framework/src/Illuminate/Validation/Validator.php(457): Illuminate\\Validation\\Validator->validateAttribute()
#24 /home/marcos/Desktop/IN2W/Desarrollo_Web_Servidor/api-examen/Examen/vendor/laravel/framework/src/Illuminate/Validation/Validator.php(492): Illuminate\\Validation\\Validator->passes()
#25 /home/marcos/Desktop/IN2W/Desarrollo_Web_Servidor/api-examen/Examen/vendor/laravel/framework/src/Illuminate/Validation/ValidatesWhenResolvedTrait.php(31): Illuminate\\Validation\\Validator->fails()
#26 /home/marcos/Desktop/IN2W/Desarrollo_Web_Servidor/api-examen/Examen/vendor/laravel/framework/src/Illuminate/Foundation/Providers/FormRequestServiceProvider.php(30): Illuminate\\Foundation\\Http\\FormRequest->validateResolved()
#27 /home/marcos/Desktop/IN2W/Desarrollo_Web_Servidor/api-examen/Examen/vendor/laravel/framework/src/Illuminate/Container/Container.php(1302): Illuminate\\Foundation\\Providers\\FormRequestServiceProvider->Illuminate\\Foundation\\Providers\\{closure}()
#28 /home/marcos/Desktop/IN2W/Desarrollo_Web_Servidor/api-examen/Examen/vendor/laravel/framework/src/Illuminate/Container/Container.php(1267): Illuminate\\Container\\Container->fireCallbackArray()
#29 /home/marcos/Desktop/IN2W/Desarrollo_Web_Servidor/api-examen/Examen/vendor/laravel/framework/src/Illuminate/Container/Container.php(1252): Illuminate\\Container\\Container->fireAfterResolvingCallbacks()
#30 /home/marcos/Desktop/IN2W/Desarrollo_Web_Servidor/api-examen/Examen/vendor/laravel/framework/src/Illuminate/Container/Container.php(813): Illuminate\\Container\\Container->fireResolvingCallbacks()
#31 /home/marcos/Desktop/IN2W/Desarrollo_Web_Servidor/api-examen/Examen/vendor/laravel/framework/src/Illuminate/Foundation/Application.php(957): Illuminate\\Container\\Container->resolve()
#32 /home/marcos/Desktop/IN2W/Desarrollo_Web_Servidor/api-examen/Examen/vendor/laravel/framework/src/Illuminate/Container/Container.php(731): Illuminate\\Foundation\\Application->resolve()
#33 /home/marcos/Desktop/IN2W/Desarrollo_Web_Servidor/api-examen/Examen/vendor/laravel/framework/src/Illuminate/Foundation/Application.php(942): Illuminate\\Container\\Container->make()
#34 /home/marcos/Desktop/IN2W/Desarrollo_Web_Servidor/api-examen/Examen/vendor/laravel/framework/src/Illuminate/Routing/ResolvesRouteDependencies.php(85): Illuminate\\Foundation\\Application->make()
#35 /home/marcos/Desktop/IN2W/Desarrollo_Web_Servidor/api-examen/Examen/vendor/laravel/framework/src/Illuminate/Routing/ResolvesRouteDependencies.php(50): Illuminate\\Routing\\ControllerDispatcher->transformDependency()
#36 /home/marcos/Desktop/IN2W/Desarrollo_Web_Servidor/api-examen/Examen/vendor/laravel/framework/src/Illuminate/Routing/ResolvesRouteDependencies.php(30): Illuminate\\Routing\\ControllerDispatcher->resolveMethodDependencies()
#37 /home/marcos/Desktop/IN2W/Desarrollo_Web_Servidor/api-examen/Examen/vendor/laravel/framework/src/Illuminate/Routing/ControllerDispatcher.php(60): Illuminate\\Routing\\ControllerDispatcher->resolveClassMethodDependencies()
#38 /home/marcos/Desktop/IN2W/Desarrollo_Web_Servidor/api-examen/Examen/vendor/laravel/framework/src/Illuminate/Routing/ControllerDispatcher.php(40): Illuminate\\Routing\\ControllerDispatcher->resolveParameters()
#39 /home/marcos/Desktop/IN2W/Desarrollo_Web_Servidor/api-examen/Examen/vendor/laravel/framework/src/Illuminate/Routing/Route.php(260): Illuminate\\Routing\\ControllerDispatcher->dispatch()
#40 /home/marcos/Desktop/IN2W/Desarrollo_Web_Servidor/api-examen/Examen/vendor/laravel/framework/src/Illuminate/Routing/Route.php(205): Illuminate\\Routing\\Route->runController()
#41 /home/marcos/Desktop/IN2W/Desarrollo_Web_Servidor/api-examen/Examen/vendor/laravel/framework/src/Illuminate/Routing/Router.php(806): Illuminate\\Routing\\Route->run()
#42 /home/marcos/Desktop/IN2W/Desarrollo_Web_Servidor/api-examen/Examen/vendor/laravel/framework/src/Illuminate/Pipeline/Pipeline.php(144): Illuminate\\Routing\\Router->Illuminate\\Routing\\{closure}()
#43 /home/marcos/Desktop/IN2W/Desarrollo_Web_Servidor/api-examen/Examen/app/Http/Middleware/HandleMiddleware.php(27): Illuminate\\Pipeline\\Pipeline->Illuminate\\Pipeline\\{closure}()
#44 /home/marcos/Desktop/IN2W/Desarrollo_Web_Servidor/api-examen/Examen/vendor/laravel/framework/src/Illuminate/Pipeline/Pipeline.php(183): App\\Http\\Middleware\\HandleMiddleware->handle()
#45 /home/marcos/Desktop/IN2W/Desarrollo_Web_Servidor/api-examen/Examen/vendor/laravel/framework/src/Illuminate/Routing/Middleware/SubstituteBindings.php(50): Illuminate\\Pipeline\\Pipeline->Illuminate\\Pipeline\\{closure}()
#46 /home/marcos/Desktop/IN2W/Desarrollo_Web_Servidor/api-examen/Examen/vendor/laravel/framework/src/Illuminate/Pipeline/Pipeline.php(183): Illuminate\\Routing\\Middleware\\SubstituteBindings->handle()
#47 /home/marcos/Desktop/IN2W/Desarrollo_Web_Servidor/api-examen/Examen/vendor/laravel/framework/src/Illuminate/Routing/Middleware/ThrottleRequests.php(159): Illuminate\\Pipeline\\Pipeline->Illuminate\\Pipeline\\{closure}()
#48 /home/marcos/Desktop/IN2W/Desarrollo_Web_Servidor/api-examen/Examen/vendor/laravel/framework/src/Illuminate/Routing/Middleware/ThrottleRequests.php(135): Illuminate\\Routing\\Middleware\\ThrottleRequests->handleRequest()
#49 /home/marcos/Desktop/IN2W/Desarrollo_Web_Servidor/api-examen/Examen/vendor/laravel/framework/src/Illuminate/Routing/Middleware/ThrottleRequests.php(87): Illuminate\\Routing\\Middleware\\ThrottleRequests->handleRequestUsingNamedLimiter()
#50 /home/marcos/Desktop/IN2W/Desarrollo_Web_Servidor/api-examen/Examen/vendor/laravel/framework/src/Illuminate/Pipeline/Pipeline.php(183): Illuminate\\Routing\\Middleware\\ThrottleRequests->handle()
#51 /home/marcos/Desktop/IN2W/Desarrollo_Web_Servidor/api-examen/Examen/vendor/laravel/framework/src/Illuminate/Pipeline/Pipeline.php(119): Illuminate\\Pipeline\\Pipeline->Illuminate\\Pipeline\\{closure}()
#52 /home/marcos/Desktop/IN2W/Desarrollo_Web_Servidor/api-examen/Examen/vendor/laravel/framework/src/Illuminate/Routing/Router.php(807): Illuminate\\Pipeline\\Pipeline->then()
#53 /home/marcos/Desktop/IN2W/Desarrollo_Web_Servidor/api-examen/Examen/vendor/laravel/framework/src/Illuminate/Routing/Router.php(784): Illuminate\\Routing\\Router->runRouteWithinStack()
#54 /home/marcos/Desktop/IN2W/Desarrollo_Web_Servidor/api-examen/Examen/vendor/laravel/framework/src/Illuminate/Routing/Router.php(748): Illuminate\\Routing\\Router->runRoute()
#55 /home/marcos/Desktop/IN2W/Desarrollo_Web_Servidor/api-examen/Examen/vendor/laravel/framework/src/Illuminate/Routing/Router.php(737): Illuminate\\Routing\\Router->dispatchToRoute()
#56 /home/marcos/Desktop/IN2W/Desarrollo_Web_Servidor/api-examen/Examen/vendor/laravel/framework/src/Illuminate/Foundation/Http/Kernel.php(200): Illuminate\\Routing\\Router->dispatch()
#57 /home/marcos/Desktop/IN2W/Desarrollo_Web_Servidor/api-examen/Examen/vendor/laravel/framework/src/Illuminate/Pipeline/Pipeline.php(144): Illuminate\\Foundation\\Http\\Kernel->Illuminate\\Foundation\\Http\\{closure}()
#58 /home/marcos/Desktop/IN2W/Desarrollo_Web_Servidor/api-examen/Examen/vendor/laravel/framework/src/Illuminate/Foundation/Http/Middleware/TransformsRequest.php(21): Illuminate\\Pipeline\\Pipeline->Illuminate\\Pipeline\\{closure}()
#59 /home/marcos/Desktop/IN2W/Desarrollo_Web_Servidor/api-examen/Examen/vendor/laravel/framework/src/Illuminate/Foundation/Http/Middleware/ConvertEmptyStringsToNull.php(31): Illuminate\\Foundation\\Http\\Middleware\\TransformsRequest->handle()
#60 /home/marcos/Desktop/IN2W/Desarrollo_Web_Servidor/api-examen/Examen/vendor/laravel/framework/src/Illuminate/Pipeline/Pipeline.php(183): Illuminate\\Foundation\\Http\\Middleware\\ConvertEmptyStringsToNull->handle()
#61 /home/marcos/Desktop/IN2W/Desarrollo_Web_Servidor/api-examen/Examen/vendor/laravel/framework/src/Illuminate/Foundation/Http/Middleware/TransformsRequest.php(21): Illuminate\\Pipeline\\Pipeline->Illuminate\\Pipeline\\{closure}()
#62 /home/marcos/Desktop/IN2W/Desarrollo_Web_Servidor/api-examen/Examen/vendor/laravel/framework/src/Illuminate/Foundation/Http/Middleware/TrimStrings.php(40): Illuminate\\Foundation\\Http\\Middleware\\TransformsRequest->handle()
#63 /home/marcos/Desktop/IN2W/Desarrollo_Web_Servidor/api-examen/Examen/vendor/laravel/framework/src/Illuminate/Pipeline/Pipeline.php(183): Illuminate\\Foundation\\Http\\Middleware\\TrimStrings->handle()
#64 /home/marcos/Desktop/IN2W/Desarrollo_Web_Servidor/api-examen/Examen/vendor/laravel/framework/src/Illuminate/Foundation/Http/Middleware/ValidatePostSize.php(27): Illuminate\\Pipeline\\Pipeline->Illuminate\\Pipeline\\{closure}()
#65 /home/marcos/Desktop/IN2W/Desarrollo_Web_Servidor/api-examen/Examen/vendor/laravel/framework/src/Illuminate/Pipeline/Pipeline.php(183): Illuminate\\Foundation\\Http\\Middleware\\ValidatePostSize->handle()
#66 /home/marcos/Desktop/IN2W/Desarrollo_Web_Servidor/api-examen/Examen/vendor/laravel/framework/src/Illuminate/Foundation/Http/Middleware/PreventRequestsDuringMaintenance.php(99): Illuminate\\Pipeline\\Pipeline->Illuminate\\Pipeline\\{closure}()
#67 /home/marcos/Desktop/IN2W/Desarrollo_Web_Servidor/api-examen/Examen/vendor/laravel/framework/src/Illuminate/Pipeline/Pipeline.php(183): Illuminate\\Foundation\\Http\\Middleware\\PreventRequestsDuringMaintenance->handle()
#68 /home/marcos/Desktop/IN2W/Desarrollo_Web_Servidor/api-examen/Examen/vendor/laravel/framework/src/Illuminate/Http/Middleware/HandleCors.php(62): Illuminate\\Pipeline\\Pipeline->Illuminate\\Pipeline\\{closure}()
#69 /home/marcos/Desktop/IN2W/Desarrollo_Web_Servidor/api-examen/Examen/vendor/laravel/framework/src/Illuminate/Pipeline/Pipeline.php(183): Illuminate\\Http\\Middleware\\HandleCors->handle()
#70 /home/marcos/Desktop/IN2W/Desarrollo_Web_Servidor/api-examen/Examen/vendor/laravel/framework/src/Illuminate/Http/Middleware/TrustProxies.php(39): Illuminate\\Pipeline\\Pipeline->Illuminate\\Pipeline\\{closure}()
#71 /home/marcos/Desktop/IN2W/Desarrollo_Web_Servidor/api-examen/Examen/vendor/laravel/framework/src/Illuminate/Pipeline/Pipeline.php(183): Illuminate\\Http\\Middleware\\TrustProxies->handle()
#72 /home/marcos/Desktop/IN2W/Desarrollo_Web_Servidor/api-examen/Examen/vendor/laravel/framework/src/Illuminate/Pipeline/Pipeline.php(119): Illuminate\\Pipeline\\Pipeline->Illuminate\\Pipeline\\{closure}()
#73 /home/marcos/Desktop/IN2W/Desarrollo_Web_Servidor/api-examen/Examen/vendor/laravel/framework/src/Illuminate/Foundation/Http/Kernel.php(175): Illuminate\\Pipeline\\Pipeline->then()
#74 /home/marcos/Desktop/IN2W/Desarrollo_Web_Servidor/api-examen/Examen/vendor/laravel/framework/src/Illuminate/Foundation/Http/Kernel.php(144): Illuminate\\Foundation\\Http\\Kernel->sendRequestThroughRouter()
#75 /home/marcos/Desktop/IN2W/Desarrollo_Web_Servidor/api-examen/Examen/public/index.php(52): Illuminate\\Foundation\\Http\\Kernel->handle()
#76 /home/marcos/Desktop/IN2W/Desarrollo_Web_Servidor/api-examen/Examen/vendor/laravel/framework/src/Illuminate/Foundation/resources/server.php(16): require_once('...')
#77 {main}
"} 
